scripts/cpa.sh -heap 4096M -benchmark -timelimit 300s -config ./config/myAnalysis-concurrent-interrupt-benchmark-ldv-races-all-points.properties -stats -spec test/unreach-call.prp -32 test/svcomp-benchmarks/ldv-races_interrupt/ldv-races_interrupt/svp_simple_303_001.i


--------------------------------------------------------------------------------


Running CPAchecker with Java heap of size 4096M.
Running CPAchecker with default stack size (1024k). Specify a larger value with -stack if needed.
Language C detected and set for analysis (CPAMain.detectFrontendLanguageIfNecessary, INFO)

Using the following resource limits: CPU-time limit of 300s (ResourceLimitChecker.fromConfiguration, INFO)

CPAchecker 2.0 / myAnalysis-concurrent-interrupt-benchmark-ldv-races-all-points (Java HotSpot(TM) 64-Bit Server VM 11.0.8) started (CPAchecker.run, INFO)

Parsing CFA from file(s) "test/svcomp-benchmarks/ldv-races_interrupt/ldv-races_interrupt/svp_simple_303_001.i" (CPAchecker.parse, INFO)

Building Constrained Dependency Graph ... (EdgeInfo.<init>, INFO)

Using unsound approximation of ints with unbounded integers and floats with rationals for encoding program semantics. (FormulaManagerView.<init>, WARNING)

The following configuration options were specified but are not used:
 cpa.threadingintp.maxInterruptLevel
 cpa.por.pcdpor.depComputationStateType
 cpa.locations.useIncClonedFunc 
 (CPAchecker.printConfigurationWarnings, WARNING)

Starting analysis ... (CPAchecker.runAlgorithm, INFO)

========================== Verify Result ===========================
explored states: 610
reached set size: 611
total time: 251 ms
Race times:
 
[31m=========================== Conflicts checked =============================
The total number of conflicts is1
RWR conflicts have 0
WRW conflicts have 0
RWW conflicts have 0
WWR conflicts have 1
[0m=========================== 详细状态如下 =============================
 raceRWRSet:
[]
 raceWRWSet:
[]
 raceRWWSet:
[]
 raceWWRSet:
[
pdev:(pdev,module_init, '3103, 'W)
                               (pdev,svp_simple_303_001_isr_1, '3095, 'W)
                               (pdev,module_init, '3104, 'R)
}]
=========================== Predicates =============================
====================================================================
Stopping analysis ... (CPAchecker.runAlgorithm, INFO)


BDDCPA statistics
-----------------
Number of boolean vars:           5 (of 9)
Number of intEqual vars:          4 (of 4)
Number of intAdd vars:            0 (of 0)
Number of all vars:               9
Number of intBool partitions:     9
Number of intEq partitions:       2
Number of intAdd partitions:      0
Number of all partitions:         24
Number of named predicates:          3584
Number of BDD nodes:                               9818
Size of BDD node table:                            207593
Size of BDD cache:                                 20759
Size of BDD node cleanup queue:                    0.00 (sum: 0, count: 4342, min: 0, max: 0)
Time for BDD node cleanup:                             0.005s
Time for BDD garbage collection:                       0.000s (in 0 runs)

DataAccessCPA statistics
------------------------
[32mtime for TransferRelation:[0m      [33m    0.047s[0m

AutomatonAnalysis (SVCOMP) statistics
-------------------------------------
Number of states:                                  1
Total time for successor computation:                  0.011s
Automaton transfers with branching:                0
Automaton transfer successors:                     1.00 (sum: 607, count: 607, min: 1, max: 1) [1 x 607]
Number of states with assumption transitions:      0

Constrained Dependency Graph statistics
---------------------------------------
Time for building the nodes of conditional dependence graph:     0.058s
Time for building conditional dependence graph:        0.176s
  Number of dependent node:                              10 (count: 1, min: 10, max: 10, avg: 10.00)
  Number of dependent node pairs:                        45
  Number of un-conditional dependent node pairs:         45
  Number of block:                                       10
  Size of block:                                         10 (sum: 10, min: 1, max: 1, avg: 1.00)

CPA algorithm statistics
------------------------
Number of iterations:            609
Max size of waitlist:            3
Average size of waitlist:        1
ThreadingSortedWaitlist:                           101.00 (sum: 101, count: 1, min: 101, max: 101)
CallstackSortedWaitlist:                           0.18 (sum: 93, count: 508, min: 0, max: 47)
Number of computed successors:   610
Max successors for one state:    2
Number of times merged:          0
Number of times stopped:         0
Number of times breaked:         1

Total time for CPA algorithm:         0.251s (Max:     0.251s)
  Time for choose from waitlist:      0.021s
  Time for precision adjustment:      0.017s
  Time for transfer relation:         0.172s
  Time for stop operator:             0.005s
  Time for adding to reached set:     0.027s

CPAchecker general statistics
-----------------------------
Number of program locations:                       574
Number of CFA edges (per node):                         572 (count: 574, min: 0, max: 4, avg: 1.00)
Number of relevant variables:                      5
Number of functions:                               12
Number of loops (and loop nodes):                         0 (sum: 0, min: 0, max: 0, avg: 0.00)
Size of reached set:             611
  Number of partitions:          561
    Avg size of partitions:      1
    Max size of partitions:      4 (with key [{svp_simple_303_001_main=N51 (exit of function module_init in lines 3100-3118) Function module_init called from node N77, stack depth 2 [7f3ca64a], stack [svp_simple_303_001_main, module_init] @@ -2147483648 @@ 0}])
  Number of target states:       1
  Size of final wait list:       2

Time for analysis setup:          2.024s
  Time for loading CPAs:          0.424s
  Time for loading parser:        0.249s
  Time for CFA construction:      1.035s
    Time for parsing file(s):     0.456s
    Time for AST to CFA:          0.406s
    Time for CFA sanity check:    0.000s
    Time for post-processing:     0.107s
      Time for function pointers resolving:            0.015s
        Function calls via function pointers:             0 (count: 1, min: 0, max: 0, avg: 0.00)
        Instrumented function pointer calls:              0 (count: 1, min: 0, max: 0, avg: 0.00)
        Function calls with function pointer arguments:        0 (count: 1, min: 0, max: 0, avg: 0.00)
        Instrumented function pointer arguments:          0 (count: 1, min: 0, max: 0, avg: 0.00)
      Time for classifying variables:                  0.047s
        Time for collecting variables:                 0.015s
        Time for solving dependencies:                 0.000s
        Time for building hierarchy:                   0.000s
        Time for building classification:              0.032s
        Time for exporting data:                       0.000s
Time for Analysis:                0.276s
CPU time for analysis:            0.280s
Time for analyzing result:        0.002s
Total time for CPAchecker:        2.301s
Total CPU time for CPAchecker:    2.310s
Time for statistics:              0.084s

Time for Garbage Collector:       0.052s (in 8 runs)
Garbage Collector(s) used:    Copy, MarkSweepCompact

Verification result: FALSE. Property violation (unreach-call: reach_error(); called in line 3087) found by chosen configuration.
More details about the verification run can be found in the directory "./output".
