scripts/cpa.sh -heap 4096M -benchmark -timelimit 300s -config ./config/myAnalysis-concurrent-interrupt-benchmark-ldv-races-all-points.properties -stats -spec test/unreach-call.prp -32 test/svcomp-benchmarks/ldv-races_interrupt/ldv-races_interrupt/svp_simple_318_001.i


--------------------------------------------------------------------------------


Running CPAchecker with Java heap of size 4096M.
Running CPAchecker with default stack size (1024k). Specify a larger value with -stack if needed.
Language C detected and set for analysis (CPAMain.detectFrontendLanguageIfNecessary, INFO)

Using the following resource limits: CPU-time limit of 300s (ResourceLimitChecker.fromConfiguration, INFO)

CPAchecker 2.0 / myAnalysis-concurrent-interrupt-benchmark-ldv-races-all-points (Java HotSpot(TM) 64-Bit Server VM 11.0.8) started (CPAchecker.run, INFO)

Parsing CFA from file(s) "test/svcomp-benchmarks/ldv-races_interrupt/ldv-races_interrupt/svp_simple_318_001.i" (CPAchecker.parse, INFO)

Building Constrained Dependency Graph ... (EdgeInfo.<init>, INFO)

Using unsound approximation of ints with unbounded integers and floats with rationals for encoding program semantics. (FormulaManagerView.<init>, WARNING)

The following configuration options were specified but are not used:
 cpa.threadingintp.maxInterruptLevel
 cpa.por.pcdpor.depComputationStateType
 cpa.locations.useIncClonedFunc 
 (CPAchecker.printConfigurationWarnings, WARNING)

Starting analysis ... (CPAchecker.runAlgorithm, INFO)

========================== Verify Result ===========================
explored states: 549
reached set size: 550
total time: 218 ms
Race times:
 
[31m=========================== Conflicts checked =============================
The total number of conflicts is0
RWR conflicts have 0
WRW conflicts have 0
RWW conflicts have 0
WWR conflicts have 0
[0m=========================== 详细状态如下 =============================
 raceRWRSet:
[]
 raceWRWSet:
[]
 raceRWWSet:
[]
 raceWWRSet:
[]
=========================== Predicates =============================
====================================================================
Stopping analysis ... (CPAchecker.runAlgorithm, INFO)


BDDCPA statistics
-----------------
Number of boolean vars:           5 (of 10)
Number of intEqual vars:          5 (of 11)
Number of intAdd vars:            0 (of 0)
Number of all vars:               10
Number of intBool partitions:     10
Number of intEq partitions:       7
Number of intAdd partitions:      0
Number of all partitions:         33
Number of named predicates:          4864
Number of BDD nodes:                               13711
Size of BDD node table:                            207593
Size of BDD cache:                                 20759
Size of BDD node cleanup queue:                    0.00 (sum: 0, count: 5245, min: 0, max: 0)
Time for BDD node cleanup:                             0.001s
Time for BDD garbage collection:                       0.000s (in 0 runs)

DataAccessCPA statistics
------------------------
[32mtime for TransferRelation:[0m      [33m    0.031s[0m

AutomatonAnalysis (SVCOMP) statistics
-------------------------------------
Number of states:                                  1
Total time for successor computation:                  0.010s
Automaton transfers with branching:                0
Automaton transfer successors:                     1.00 (sum: 549, count: 549, min: 1, max: 1) [1 x 549]
Number of states with assumption transitions:      0

Constrained Dependency Graph statistics
---------------------------------------
Time for building the nodes of conditional dependence graph:     0.046s
Time for building conditional dependence graph:        0.190s
  Number of dependent node:                              25 (count: 1, min: 25, max: 25, avg: 25.00)
  Number of dependent node pairs:                       126
  Number of un-conditional dependent node pairs:        126
  Number of block:                                       27
  Size of block:                                         27 (sum: 27, min: 1, max: 1, avg: 1.00)

CPA algorithm statistics
------------------------
Number of iterations:            550
Max size of waitlist:            2
Average size of waitlist:        1
ThreadingSortedWaitlist:                           16.00 (sum: 16, count: 1, min: 16, max: 16)
CallstackSortedWaitlist:                           0.03 (sum: 16, count: 534, min: 0, max: 16)
Number of computed successors:   549
Max successors for one state:    2
Number of times merged:          0
Number of times stopped:         0
Number of times breaked:         0

Total time for CPA algorithm:         0.218s (Max:     0.218s)
  Time for choose from waitlist:      0.011s
  Time for precision adjustment:      0.008s
  Time for transfer relation:         0.132s
  Time for stop operator:             0.015s
  Time for adding to reached set:     0.032s

CPAchecker general statistics
-----------------------------
Number of program locations:                       657
Number of CFA edges (per node):                         668 (count: 657, min: 0, max: 7, avg: 1.02)
Number of relevant variables:                      13
Number of functions:                               18
Number of loops (and loop nodes):                         2 (sum: 36, min: 10, max: 26, avg: 18.00)
Size of reached set:             550
  Number of partitions:          547
    Avg size of partitions:      1
    Max size of partitions:      2 (with key [{svp_simple_318_001_main=N148 (exit of function module_init in lines 3190-3204) Function module_init called from node N172, stack depth 2 [250d440], stack [svp_simple_318_001_main, module_init] @@ -2147483648 @@ 0}])
  Number of target states:       0

Time for analysis setup:          2.024s
  Time for loading CPAs:          0.416s
  Time for loading parser:        0.242s
  Time for CFA construction:      1.059s
    Time for parsing file(s):     0.433s
    Time for AST to CFA:          0.442s
    Time for CFA sanity check:    0.000s
    Time for post-processing:     0.111s
      Time for function pointers resolving:            0.002s
        Function calls via function pointers:             0 (count: 1, min: 0, max: 0, avg: 0.00)
        Instrumented function pointer calls:              0 (count: 1, min: 0, max: 0, avg: 0.00)
        Function calls with function pointer arguments:        0 (count: 1, min: 0, max: 0, avg: 0.00)
        Instrumented function pointer arguments:          0 (count: 1, min: 0, max: 0, avg: 0.00)
      Time for classifying variables:                  0.059s
        Time for collecting variables:                 0.025s
        Time for solving dependencies:                 0.001s
        Time for building hierarchy:                   0.000s
        Time for building classification:              0.033s
        Time for exporting data:                       0.000s
Time for Analysis:                0.236s
CPU time for analysis:            0.230s
Time for analyzing result:        0.001s
Total time for CPAchecker:        2.260s
Total CPU time for CPAchecker:    2.250s
Time for statistics:              0.076s

Time for Garbage Collector:       0.050s (in 8 runs)
Garbage Collector(s) used:    Copy, MarkSweepCompact

Verification result: TRUE. No property violation found by chosen configuration.
More details about the verification run can be found in the directory "./output".
