scripts/cpa.sh -heap 4096M -benchmark -timelimit 300s -config ./config/myAnalysis-concurrent-interrupt-benchmark-ldv-races.properties -stats -spec test/unreach-call.prp -32 test/svcomp-benchmarks/ldv-races_interrupt/ldv-races_interrupt/svp_simple_316_001.i


--------------------------------------------------------------------------------


Running CPAchecker with Java heap of size 4096M.
Running CPAchecker with default stack size (1024k). Specify a larger value with -stack if needed.
Language C detected and set for analysis (CPAMain.detectFrontendLanguageIfNecessary, INFO)

Using the following resource limits: CPU-time limit of 300s (ResourceLimitChecker.fromConfiguration, INFO)

CPAchecker 2.0 / myAnalysis-concurrent-interrupt-benchmark-ldv-races (Java HotSpot(TM) 64-Bit Server VM 11.0.8) started (CPAchecker.run, INFO)

Parsing CFA from file(s) "test/svcomp-benchmarks/ldv-races_interrupt/ldv-races_interrupt/svp_simple_316_001.i" (CPAchecker.parse, INFO)

Building Constrained Dependency Graph ... (EdgeInfo.<init>, INFO)

Using unsound approximation of ints with unbounded integers and floats with rationals for encoding program semantics. (FormulaManagerView.<init>, WARNING)

The following configuration options were specified but are not used:
 cpa.threadingintp.maxInterruptLevel
 cpa.por.pcdpor.depComputationStateType
 cpa.locations.useIncClonedFunc 
 (CPAchecker.printConfigurationWarnings, WARNING)

Starting analysis ... (CPAchecker.runAlgorithm, INFO)

========================== Verify Result ===========================
explored states: 617
reached set size: 618
total time: 288 ms
Race times:
 
[31m=========================== Conflicts checked =============================
The total number of conflicts is0
RWR conflicts have 0
WRW conflicts have 0
RWW conflicts have 0
WWR conflicts have 0
[0m=========================== 详细状态如下 =============================
 raceRWRSet:
[]
 raceWRWSet:
[]
 raceRWWSet:
[]
 raceWWRSet:
[]
=========================== Predicates =============================
====================================================================
Stopping analysis ... (CPAchecker.runAlgorithm, INFO)


BDDCPA statistics
-----------------
Number of boolean vars:           7 (of 11)
Number of intEqual vars:          2 (of 2)
Number of intAdd vars:            0 (of 0)
Number of all vars:               9
Number of intBool partitions:     10
Number of intEq partitions:       1
Number of intAdd partitions:      0
Number of all partitions:         29
Number of named predicates:          4992
Number of BDD nodes:                               24055
Size of BDD node table:                            207593
Size of BDD cache:                                 20759
Size of BDD node cleanup queue:                    0.00 (sum: 0, count: 10315, min: 0, max: 0)
Time for BDD node cleanup:                             0.008s
Time for BDD garbage collection:                       0.000s (in 0 runs)

DataAccessCPA statistics
------------------------
[32mtime for TransferRelation:[0m      [33m    0.036s[0m

AutomatonAnalysis (SVCOMP) statistics
-------------------------------------
Number of states:                                  1
Total time for successor computation:                  0.026s
Automaton transfers with branching:                0
Automaton transfer successors:                     1.00 (sum: 616, count: 616, min: 1, max: 1) [1 x 616]
Number of states with assumption transitions:      0

Constrained Dependency Graph statistics
---------------------------------------
Time for building the nodes of conditional dependence graph:     0.055s
Time for building conditional dependence graph:        0.160s
  Number of dependent node:                               3 (count: 1, min: 3, max: 3, avg: 3.00)
  Number of dependent node pairs:                         5
  Number of un-conditional dependent node pairs:          5
  Number of block:                                        3
  Size of block:                                          3 (sum: 3, min: 1, max: 1, avg: 1.00)

CPA algorithm statistics
------------------------
Number of iterations:            615
Max size of waitlist:            4
Average size of waitlist:        1
ThreadingSortedWaitlist:                           98.00 (sum: 98, count: 1, min: 98, max: 98)
CallstackSortedWaitlist:                           0.00 (sum: 0, count: 517, min: 0, max: 0)
Number of computed successors:   617
Max successors for one state:    2
Number of times merged:          0
Number of times stopped:         0
Number of times breaked:         1

Total time for CPA algorithm:         0.288s (Max:     0.288s)
  Time for choose from waitlist:      0.008s
  Time for precision adjustment:      0.016s
  Time for transfer relation:         0.227s
  Time for stop operator:             0.003s
  Time for adding to reached set:     0.024s

CPAchecker general statistics
-----------------------------
Number of program locations:                       610
Number of CFA edges (per node):                         611 (count: 610, min: 0, max: 6, avg: 1.00)
Number of relevant variables:                      13
Number of functions:                               14
Number of loops (and loop nodes):                         0 (sum: 0, min: 0, max: 0, avg: 0.00)
Size of reached set:             618
  Number of partitions:          598
    Avg size of partitions:      1
    Max size of partitions:      2 (with key [{svp_simple_316_001_main=N64 (exit of function my_drv_probe in lines 3133-3157) Function my_drv_probe called from node N101, stack depth 2 [5086623f], stack [svp_simple_316_001_main, my_drv_probe] @@ -2147483648 @@ 0}])
  Number of target states:       1
  Size of final wait list:       3

Time for analysis setup:          2.173s
  Time for loading CPAs:          0.409s
  Time for loading parser:        0.249s
  Time for CFA construction:      1.232s
    Time for parsing file(s):     0.578s
    Time for AST to CFA:          0.463s
    Time for CFA sanity check:    0.001s
    Time for post-processing:     0.117s
      Time for function pointers resolving:            0.004s
        Function calls via function pointers:             0 (count: 1, min: 0, max: 0, avg: 0.00)
        Instrumented function pointer calls:              0 (count: 1, min: 0, max: 0, avg: 0.00)
        Function calls with function pointer arguments:        0 (count: 1, min: 0, max: 0, avg: 0.00)
        Instrumented function pointer arguments:          0 (count: 1, min: 0, max: 0, avg: 0.00)
      Time for classifying variables:                  0.073s
        Time for collecting variables:                 0.031s
        Time for solving dependencies:                 0.001s
        Time for building hierarchy:                   0.000s
        Time for building classification:              0.041s
        Time for exporting data:                       0.000s
Time for Analysis:                0.312s
CPU time for analysis:            0.320s
Time for analyzing result:        0.004s
Total time for CPAchecker:        2.486s
Total CPU time for CPAchecker:    2.490s
Time for statistics:              0.106s

Time for Garbage Collector:       0.054s (in 8 runs)
Garbage Collector(s) used:    Copy, MarkSweepCompact

Verification result: FALSE. Property violation (unreach-call: reach_error(); called in line 3093) found by chosen configuration.
More details about the verification run can be found in the directory "./output".
