scripts/cpa.sh -heap 4096M -benchmark -timelimit 300s -config ./config/myAnalysis-concurrent-interrupt-benchmark-pthread-all-points.properties -stats -spec test/unreach-call.prp -32 test/svcomp-benchmarks/pthread_interrupt/pthread_interrupt/svp_simple_307_001.i


--------------------------------------------------------------------------------


Running CPAchecker with Java heap of size 4096M.
Running CPAchecker with default stack size (1024k). Specify a larger value with -stack if needed.
Language C detected and set for analysis (CPAMain.detectFrontendLanguageIfNecessary, INFO)

Using the following resource limits: CPU-time limit of 300s (ResourceLimitChecker.fromConfiguration, INFO)

CPAchecker 2.0 / myAnalysis-concurrent-interrupt-benchmark-pthread-all-points (Java HotSpot(TM) 64-Bit Server VM 11.0.8) started (CPAchecker.run, INFO)

Parsing CFA from file(s) "test/svcomp-benchmarks/pthread_interrupt/pthread_interrupt/svp_simple_307_001.i" (CPAchecker.parse, INFO)

Building Constrained Dependency Graph ... (EdgeInfo.<init>, INFO)

Using unsound approximation of ints with unbounded integers and floats with rationals for encoding program semantics. (FormulaManagerView.<init>, WARNING)

The following configuration options were specified but are not used:
 cpa.threadingintp.maxInterruptLevel
 cpa.por.pcdpor.depComputationStateType
 cpa.locations.useIncClonedFunc 
 (CPAchecker.printConfigurationWarnings, WARNING)

Starting analysis ... (CPAchecker.runAlgorithm, INFO)

========================== Verify Result ===========================
explored states: 6654
reached set size: 6655
total time: 3662 ms
Race times:
 
[31m=========================== Conflicts checked =============================
The total number of conflicts is0
RWR conflicts have 0
WRW conflicts have 0
RWW conflicts have 0
WWR conflicts have 0
[0m=========================== 详细状态如下 =============================
 raceRWRSet:
[]
 raceWRWSet:
[]
 raceRWWSet:
[]
 raceWWRSet:
[]
=========================== Predicates =============================
====================================================================
Stopping analysis ... (CPAchecker.runAlgorithm, INFO)


BDDCPA statistics
-----------------
Number of boolean vars:           3 (of 4)
Number of intEqual vars:          4 (of 6)
Number of intAdd vars:            2 (of 2)
Number of all vars:               9
Number of intBool partitions:     3
Number of intEq partitions:       4
Number of intAdd partitions:      2
Number of all partitions:         26
Number of named predicates:          4480
Number of BDD nodes:                               79841
Size of BDD node table:                            207593
Size of BDD cache:                                 20759
Size of BDD node cleanup queue:                    0.80 (sum: 1104360, count: 1385431, min: 0, max: 123948)
Time for BDD node cleanup:                             0.186s
Time for BDD garbage collection:                       0.000s (in 0 runs)

DataAccessCPA statistics
------------------------
[32mtime for TransferRelation:[0m      [33m    0.130s[0m

AutomatonAnalysis (SVCOMP) statistics
-------------------------------------
Number of states:                                  1
Total time for successor computation:                  0.048s
Automaton transfers with branching:                0
Automaton transfer successors:                     1.00 (sum: 6651, count: 6651, min: 1, max: 1) [1 x 6651]
Number of states with assumption transitions:      0

Constrained Dependency Graph statistics
---------------------------------------
Time for building the nodes of conditional dependence graph:     0.073s
Time for building conditional dependence graph:        0.194s
  Number of dependent node:                              24 (count: 1, min: 24, max: 24, avg: 24.00)
  Number of dependent node pairs:                        48
  Number of un-conditional dependent node pairs:         48
  Number of block:                                       24
  Size of block:                                         24 (sum: 24, min: 1, max: 1, avg: 1.00)

CPA algorithm statistics
------------------------
Number of iterations:            6648
Max size of waitlist:            7
Average size of waitlist:        5
ThreadingSortedWaitlist:                           6452.00 (sum: 6452, count: 1, min: 6452, max: 6452)
CallstackSortedWaitlist:                           0.00 (sum: 0, count: 196, min: 0, max: 0)
Number of computed successors:   6654
Max successors for one state:    3
Number of times merged:          0
Number of times stopped:         0
Number of times breaked:         1

Total time for CPA algorithm:         3.662s (Max:     3.662s)
  Time for choose from waitlist:      0.031s
  Time for precision adjustment:      0.045s
  Time for transfer relation:         2.024s
  Time for stop operator:             1.395s
  Time for adding to reached set:     0.069s

CPAchecker general statistics
-----------------------------
Number of program locations:                       312
Number of CFA edges (per node):                         324 (count: 312, min: 0, max: 3, avg: 1.04)
Number of relevant variables:                      21
Number of functions:                               9
Number of loops (and loop nodes):                         2 (sum: 24, min: 10, max: 14, avg: 12.00)
Size of reached set:             6655
  Number of partitions:          265
    Avg size of partitions:      25
    Max size of partitions:      801 (with key [{svp_simple_307_001_isr_1=N64 (before line 861) Function svp_simple_307_001_isr_1 called from node N63, stack depth 1 [33591f56], stack [svp_simple_307_001_isr_1] @@ 1 @@ 1, svp_simple_307_001_isr_2=N99 (before line 899) Function svp_simple_307_001_isr_2 called from node N95, stack depth 1 [64c95a47], stack [svp_simple_307_001_isr_2] @@ 2 @@ 2, svp_simple_307_001_main=N117 (before line 921) Function svp_simple_307_001_main called from node N115, stack depth 1 [5d214cba], stack [svp_simple_307_001_main] @@ -2147483648 @@ 0}])
  Number of target states:       1
  Size of final wait list:       7

Time for analysis setup:          2.009s
  Time for loading CPAs:          0.365s
  Time for loading parser:        0.249s
  Time for CFA construction:      1.045s
    Time for parsing file(s):     0.546s
    Time for AST to CFA:          0.290s
    Time for CFA sanity check:    0.000s
    Time for post-processing:     0.163s
      Time for function pointers resolving:            0.004s
        Function calls via function pointers:             0 (count: 1, min: 0, max: 0, avg: 0.00)
        Instrumented function pointer calls:              0 (count: 1, min: 0, max: 0, avg: 0.00)
        Function calls with function pointer arguments:        0 (count: 1, min: 0, max: 0, avg: 0.00)
        Instrumented function pointer arguments:          0 (count: 1, min: 0, max: 0, avg: 0.00)
      Time for classifying variables:                  0.091s
        Time for collecting variables:                 0.063s
        Time for solving dependencies:                 0.001s
        Time for building hierarchy:                   0.000s
        Time for building classification:              0.027s
        Time for exporting data:                       0.000s
Time for Analysis:                3.691s
CPU time for analysis:            3.690s
Time for analyzing result:        0.013s
Total time for CPAchecker:        5.701s
Total CPU time for CPAchecker:    5.700s
Time for statistics:              0.098s

Time for Garbage Collector:       0.358s (in 57 runs)
Garbage Collector(s) used:    Copy, MarkSweepCompact

Verification result: FALSE. Property violation (unreach-call: reach_error(); called in line 892) found by chosen configuration.
More details about the verification run can be found in the directory "./output".
