scripts/cpa.sh -heap 4096M -benchmark -timelimit 300s -config ./config/myAnalysis-concurrent-interrupt-benchmark-pthread-all-points.properties -stats -spec test/unreach-call.prp -32 test/svcomp-benchmarks/pthread_interrupt/pthread_interrupt/svp_simple_318_001.i


--------------------------------------------------------------------------------


Running CPAchecker with Java heap of size 4096M.
Running CPAchecker with default stack size (1024k). Specify a larger value with -stack if needed.
Language C detected and set for analysis (CPAMain.detectFrontendLanguageIfNecessary, INFO)

Using the following resource limits: CPU-time limit of 300s (ResourceLimitChecker.fromConfiguration, INFO)

CPAchecker 2.0 / myAnalysis-concurrent-interrupt-benchmark-pthread-all-points (Java HotSpot(TM) 64-Bit Server VM 11.0.8) started (CPAchecker.run, INFO)

Parsing CFA from file(s) "test/svcomp-benchmarks/pthread_interrupt/pthread_interrupt/svp_simple_318_001.i" (CPAchecker.parse, INFO)

line 845: Dead code detected: return 0; (CFACreationUtils.addEdgeToCFA, INFO)

Building Constrained Dependency Graph ... (EdgeInfo.<init>, INFO)

Using unsound approximation of ints with unbounded integers and floats with rationals for encoding program semantics. (FormulaManagerView.<init>, WARNING)

The following configuration options were specified but are not used:
 cpa.threadingintp.maxInterruptLevel
 cpa.por.pcdpor.depComputationStateType
 cpa.locations.useIncClonedFunc 
 (CPAchecker.printConfigurationWarnings, WARNING)

Starting analysis ... (CPAchecker.runAlgorithm, INFO)

========================== Verify Result ===========================
explored states: 195
reached set size: 196
total time: 101 ms
Race times:
 
[31m=========================== Conflicts checked =============================
The total number of conflicts is0
RWR conflicts have 0
WRW conflicts have 0
RWW conflicts have 0
WWR conflicts have 0
[0m=========================== 详细状态如下 =============================
 raceRWRSet:
[]
 raceWRWSet:
[]
 raceRWWSet:
[]
 raceWWRSet:
[]
=========================== Predicates =============================
====================================================================
Stopping analysis ... (CPAchecker.runAlgorithm, INFO)


BDDCPA statistics
-----------------
Number of boolean vars:           2 (of 6)
Number of intEqual vars:          0 (of 4)
Number of intAdd vars:            1 (of 5)
Number of all vars:               3
Number of intBool partitions:     4
Number of intEq partitions:       2
Number of intAdd partitions:      3
Number of all partitions:         16
Number of named predicates:          2816
Number of BDD nodes:                               7692
Size of BDD node table:                            207593
Size of BDD cache:                                 20759
Size of BDD node cleanup queue:                    0.00 (sum: 0, count: 2919, min: 0, max: 0)
Time for BDD node cleanup:                             0.004s
Time for BDD garbage collection:                       0.000s (in 0 runs)

DataAccessCPA statistics
------------------------
[32mtime for TransferRelation:[0m      [33m    0.001s[0m

AutomatonAnalysis (SVCOMP) statistics
-------------------------------------
Number of states:                                  1
Total time for successor computation:                  0.014s
Automaton transfers with branching:                0
Automaton transfer successors:                     1.00 (sum: 195, count: 195, min: 1, max: 1) [1 x 195]
Number of states with assumption transitions:      0

Constrained Dependency Graph statistics
---------------------------------------
Time for building the nodes of conditional dependence graph:     0.073s
Time for building conditional dependence graph:        0.184s
  Number of dependent node:                              17 (count: 1, min: 17, max: 17, avg: 17.00)
  Number of dependent node pairs:                        40
  Number of un-conditional dependent node pairs:         40
  Number of block:                                       17
  Size of block:                                         17 (sum: 17, min: 1, max: 1, avg: 1.00)

CPA algorithm statistics
------------------------
Number of iterations:            196
Max size of waitlist:            1
Average size of waitlist:        1
ThreadingSortedWaitlist:                           0.00 (sum: 0, count: 1, min: 0, max: 0)
CallstackSortedWaitlist:                           0.00 (sum: 0, count: 196, min: 0, max: 0)
Number of computed successors:   195
Max successors for one state:    1
Number of times merged:          0
Number of times stopped:         0
Number of times breaked:         0

Total time for CPA algorithm:         0.101s (Max:     0.101s)
  Time for choose from waitlist:      0.009s
  Time for precision adjustment:      0.011s
  Time for transfer relation:         0.065s
  Time for stop operator:             0.003s
  Time for adding to reached set:     0.008s

CPAchecker general statistics
-----------------------------
Number of program locations:                       291
Number of CFA edges (per node):                         298 (count: 291, min: 0, max: 2, avg: 1.02)
Number of relevant variables:                      13
Number of functions:                               12
Number of loops (and loop nodes):                         2 (sum: 20, min: 10, max: 10, avg: 10.00)
Size of reached set:             196
  Number of partitions:          196
    Avg size of partitions:      1
    Max size of partitions:      1
  Number of target states:       0

Time for analysis setup:          1.957s
  Time for loading CPAs:          0.366s
  Time for loading parser:        0.246s
  Time for CFA construction:      1.014s
    Time for parsing file(s):     0.542s
    Time for AST to CFA:          0.283s
    Time for CFA sanity check:    0.000s
    Time for post-processing:     0.129s
      Time for function pointers resolving:            0.007s
        Function calls via function pointers:             0 (count: 1, min: 0, max: 0, avg: 0.00)
        Instrumented function pointer calls:              0 (count: 1, min: 0, max: 0, avg: 0.00)
        Function calls with function pointer arguments:        0 (count: 1, min: 0, max: 0, avg: 0.00)
        Instrumented function pointer arguments:          0 (count: 1, min: 0, max: 0, avg: 0.00)
      Time for classifying variables:                  0.059s
        Time for collecting variables:                 0.020s
        Time for solving dependencies:                 0.001s
        Time for building hierarchy:                   0.000s
        Time for building classification:              0.038s
        Time for exporting data:                       0.000s
Time for Analysis:                0.138s
CPU time for analysis:            0.140s
Time for analyzing result:        0.009s
Total time for CPAchecker:        2.095s
Total CPU time for CPAchecker:    2.100s
Time for statistics:              0.073s

Time for Garbage Collector:       0.051s (in 8 runs)
Garbage Collector(s) used:    Copy, MarkSweepCompact

Verification result: TRUE. No property violation found by chosen configuration.
More details about the verification run can be found in the directory "./output".
