scripts/cpa.sh -heap 4096M -benchmark -timelimit 300s -config ./config/myAnalysis-concurrent-interrupt-benchmark-pthread-all-points.properties -stats -spec test/unreach-call.prp -32 test/svcomp-benchmarks/pthread_interrupt/pthread_interrupt/svp_simple_328_001.i


--------------------------------------------------------------------------------


Running CPAchecker with Java heap of size 4096M.
Running CPAchecker with default stack size (1024k). Specify a larger value with -stack if needed.
Language C detected and set for analysis (CPAMain.detectFrontendLanguageIfNecessary, INFO)

Using the following resource limits: CPU-time limit of 300s (ResourceLimitChecker.fromConfiguration, INFO)

CPAchecker 2.0 / myAnalysis-concurrent-interrupt-benchmark-pthread-all-points (Java HotSpot(TM) 64-Bit Server VM 11.0.8) started (CPAchecker.run, INFO)

Parsing CFA from file(s) "test/svcomp-benchmarks/pthread_interrupt/pthread_interrupt/svp_simple_328_001.i" (CPAchecker.parse, INFO)

Building Constrained Dependency Graph ... (EdgeInfo.<init>, INFO)

Using unsound approximation of ints with unbounded integers and floats with rationals for encoding program semantics. (FormulaManagerView.<init>, WARNING)

The following configuration options were specified but are not used:
 cpa.threadingintp.maxInterruptLevel
 cpa.por.pcdpor.depComputationStateType
 cpa.locations.useIncClonedFunc 
 (CPAchecker.printConfigurationWarnings, WARNING)

Starting analysis ... (CPAchecker.runAlgorithm, INFO)

========================== Verify Result ===========================
explored states: 6298
reached set size: 6299
total time: 2147 ms
Race times:
 
[31m=========================== Conflicts checked =============================
The total number of conflicts is2
RWR conflicts have 1
WRW conflicts have 1
RWW conflicts have 0
WWR conflicts have 0
[0m=========================== 详细状态如下 =============================
 raceRWRSet:
[
j:(j,svp_simple_328_001_isr_1, '83, 'R)
                               (j,svp_simple_328_001_isr_2, '92, 'W)
                               (j,svp_simple_328_001_isr_1, '83, 'R)
}]
 raceWRWSet:
[
i:(i,svp_simple_328_001_isr_1, '83, 'W)
                               (i,svp_simple_328_001_isr_2, '92, 'R)
                               (i,svp_simple_328_001_isr_1, '83, 'W)
}]
 raceRWWSet:
[]
 raceWWRSet:
[]
=========================== Predicates =============================
====================================================================
Stopping analysis ... (CPAchecker.runAlgorithm, INFO)


BDDCPA statistics
-----------------
Number of boolean vars:           0 (of 0)
Number of intEqual vars:          0 (of 0)
Number of intAdd vars:            6 (of 6)
Number of all vars:               6
Number of intBool partitions:     0
Number of intEq partitions:       0
Number of intAdd partitions:      3
Number of all partitions:         3
Number of named predicates:          576
Number of BDD nodes:                               22946
Size of BDD node table:                            207593
Size of BDD cache:                                 20759
Size of BDD node cleanup queue:                    0.58 (sum: 636340, count: 1103413, min: 0, max: 161731)
Time for BDD node cleanup:                             0.078s
Time for BDD garbage collection:                       0.000s (in 0 runs)

DataAccessCPA statistics
------------------------
[32mtime for TransferRelation:[0m      [33m    0.092s[0m

AutomatonAnalysis (SVCOMP) statistics
-------------------------------------
Number of states:                                  1
Total time for successor computation:                  0.048s
Automaton transfers with branching:                0
Automaton transfer successors:                     1.00 (sum: 6126, count: 6126, min: 1, max: 1) [1 x 6126]
Number of states with assumption transitions:      0

Constrained Dependency Graph statistics
---------------------------------------
Time for building the nodes of conditional dependence graph:     0.081s
Time for building conditional dependence graph:        0.175s
  Number of dependent node:                               6 (count: 1, min: 6, max: 6, avg: 6.00)
  Number of dependent node pairs:                        13
  Number of un-conditional dependent node pairs:         13
  Number of block:                                        6
  Size of block:                                          6 (sum: 10, min: 1, max: 2, avg: 1.67)

CPA algorithm statistics
------------------------
Number of iterations:            6299
Max size of waitlist:            4
Average size of waitlist:        3
ThreadingSortedWaitlist:                           6276.00 (sum: 6276, count: 1, min: 6276, max: 6276)
CallstackSortedWaitlist:                           272.87 (sum: 6276, count: 23, min: 0, max: 1763)
Number of computed successors:   6298
Max successors for one state:    3
Number of times merged:          0
Number of times stopped:         0
Number of times breaked:         0

Total time for CPA algorithm:         2.147s (Max:     2.147s)
  Time for choose from waitlist:      0.005s
  Time for precision adjustment:      0.051s
  Time for transfer relation:         1.574s
  Time for stop operator:             0.414s
  Time for adding to reached set:     0.033s

CPAchecker general statistics
-----------------------------
Number of program locations:                       57
Number of CFA edges (per node):                          58 (count: 57, min: 0, max: 2, avg: 1.02)
Number of relevant variables:                      6
Number of functions:                               4
Number of loops (and loop nodes):                         2 (sum: 12, min: 6, max: 6, avg: 6.00)
Size of reached set:             6299
  Number of partitions:          479
    Avg size of partitions:      13
    Max size of partitions:      96 (with key [{svp_simple_328_001_isr_1=N12 (before line 81) Function svp_simple_328_001_isr_1 called from node N9, stack depth 1 [dea0645], stack [svp_simple_328_001_isr_1] @@ 1 @@ 1, svp_simple_328_001_main=N39 (after line 112) Function svp_simple_328_001_main called from node N31, stack depth 1 [4f04e429], stack [svp_simple_328_001_main] @@ -2147483648 @@ 0}])
  Number of target states:       0

Time for analysis setup:          1.696s
  Time for loading CPAs:          0.336s
  Time for loading parser:        0.248s
  Time for CFA construction:      0.780s
    Time for parsing file(s):     0.467s
    Time for AST to CFA:          0.168s
    Time for CFA sanity check:    0.000s
    Time for post-processing:     0.105s
      Time for function pointers resolving:            0.004s
        Function calls via function pointers:             0 (count: 1, min: 0, max: 0, avg: 0.00)
        Instrumented function pointer calls:              0 (count: 1, min: 0, max: 0, avg: 0.00)
        Function calls with function pointer arguments:        0 (count: 1, min: 0, max: 0, avg: 0.00)
        Instrumented function pointer arguments:          0 (count: 1, min: 0, max: 0, avg: 0.00)
      Time for classifying variables:                  0.063s
        Time for collecting variables:                 0.016s
        Time for solving dependencies:                 0.001s
        Time for building hierarchy:                   0.000s
        Time for building classification:              0.046s
        Time for exporting data:                       0.000s
Time for Analysis:                2.177s
CPU time for analysis:            2.180s
Time for analyzing result:        0.004s
Total time for CPAchecker:        3.874s
Total CPU time for CPAchecker:    3.870s
Time for statistics:              0.105s

Time for Garbage Collector:       0.342s (in 20 runs)
Garbage Collector(s) used:    Copy, MarkSweepCompact

Verification result: TRUE. No property violation found by chosen configuration.
More details about the verification run can be found in the directory "./output".
