scripts/cpa.sh -heap 4096M -benchmark -timelimit 300s -config ./config/myAnalysis-concurrent-interrupt-benchmark-pthread.properties -stats -spec test/unreach-call.prp -32 test/svcomp-benchmarks/pthread_interrupt/pthread_interrupt/svp_simple_306_001.i


--------------------------------------------------------------------------------


Running CPAchecker with Java heap of size 4096M.
Running CPAchecker with default stack size (1024k). Specify a larger value with -stack if needed.
Language C detected and set for analysis (CPAMain.detectFrontendLanguageIfNecessary, INFO)

Using the following resource limits: CPU-time limit of 300s (ResourceLimitChecker.fromConfiguration, INFO)

CPAchecker 2.0 / myAnalysis-concurrent-interrupt-benchmark-pthread (Java HotSpot(TM) 64-Bit Server VM 11.0.8) started (CPAchecker.run, INFO)

Parsing CFA from file(s) "test/svcomp-benchmarks/pthread_interrupt/pthread_interrupt/svp_simple_306_001.i" (CPAchecker.parse, INFO)

Building Constrained Dependency Graph ... (EdgeInfo.<init>, INFO)

Using unsound approximation of ints with unbounded integers and floats with rationals for encoding program semantics. (FormulaManagerView.<init>, WARNING)

The following configuration options were specified but are not used:
 cpa.threadingintp.maxInterruptLevel
 cpa.por.pcdpor.depComputationStateType
 cpa.locations.useIncClonedFunc 
 (CPAchecker.printConfigurationWarnings, WARNING)

Starting analysis ... (CPAchecker.runAlgorithm, INFO)

========================== Verify Result ===========================
explored states: 1846
reached set size: 1847
total time: 1122 ms
Race times:
 
[31m=========================== Conflicts checked =============================
The total number of conflicts is0
RWR conflicts have 0
WRW conflicts have 0
RWW conflicts have 0
WWR conflicts have 0
[0m=========================== 详细状态如下 =============================
 raceRWRSet:
[]
 raceWRWSet:
[]
 raceRWWSet:
[]
 raceWWRSet:
[]
=========================== Predicates =============================
====================================================================
Stopping analysis ... (CPAchecker.runAlgorithm, INFO)


BDDCPA statistics
-----------------
Number of boolean vars:           3 (of 4)
Number of intEqual vars:          4 (of 6)
Number of intAdd vars:            1 (of 2)
Number of all vars:               8
Number of intBool partitions:     3
Number of intEq partitions:       4
Number of intAdd partitions:      2
Number of all partitions:         26
Number of named predicates:          4480
Number of BDD nodes:                               52244
Size of BDD node table:                            207593
Size of BDD cache:                                 20759
Size of BDD node cleanup queue:                    0.63 (sum: 221276, count: 351615, min: 0, max: 35976)
Time for BDD node cleanup:                             0.036s
Time for BDD garbage collection:                       0.000s (in 0 runs)

DataAccessCPA statistics
------------------------
[32mtime for TransferRelation:[0m      [33m    0.105s[0m

AutomatonAnalysis (SVCOMP) statistics
-------------------------------------
Number of states:                                  1
Total time for successor computation:                  0.025s
Automaton transfers with branching:                0
Automaton transfer successors:                     1.00 (sum: 1845, count: 1845, min: 1, max: 1) [1 x 1845]
Number of states with assumption transitions:      0

Constrained Dependency Graph statistics
---------------------------------------
Time for building the nodes of conditional dependence graph:     0.066s
Time for building conditional dependence graph:        0.236s
  Number of dependent node:                              24 (count: 1, min: 24, max: 24, avg: 24.00)
  Number of dependent node pairs:                        48
  Number of un-conditional dependent node pairs:         48
  Number of block:                                       24
  Size of block:                                         24 (sum: 24, min: 1, max: 1, avg: 1.00)

CPA algorithm statistics
------------------------
Number of iterations:            1842
Max size of waitlist:            5
Average size of waitlist:        4
ThreadingSortedWaitlist:                           1646.00 (sum: 1646, count: 1, min: 1646, max: 1646)
CallstackSortedWaitlist:                           0.00 (sum: 0, count: 196, min: 0, max: 0)
Number of computed successors:   1846
Max successors for one state:    2
Number of times merged:          0
Number of times stopped:         0
Number of times breaked:         1

Total time for CPA algorithm:         1.122s (Max:     1.122s)
  Time for choose from waitlist:      0.008s
  Time for precision adjustment:      0.018s
  Time for transfer relation:         0.799s
  Time for stop operator:             0.208s
  Time for adding to reached set:     0.034s

CPAchecker general statistics
-----------------------------
Number of program locations:                       312
Number of CFA edges (per node):                         324 (count: 312, min: 0, max: 3, avg: 1.04)
Number of relevant variables:                      21
Number of functions:                               9
Number of loops (and loop nodes):                         2 (sum: 24, min: 10, max: 14, avg: 12.00)
Size of reached set:             1847
  Number of partitions:          254
    Avg size of partitions:      7
    Max size of partitions:      400 (with key [{svp_simple_306_001_isr_1=N80 (before line 876) Function svp_simple_306_001_isr_1 called from node N63, stack depth 1 [7ff95d47], stack [svp_simple_306_001_isr_1] @@ 1 @@ 1, svp_simple_306_001_main=N117 (before line 921) Function svp_simple_306_001_main called from node N115, stack depth 1 [3910fefe], stack [svp_simple_306_001_main] @@ -2147483648 @@ 0}])
  Number of target states:       1
  Size of final wait list:       5

Time for analysis setup:          1.927s
  Time for loading CPAs:          0.326s
  Time for loading parser:        0.240s
  Time for CFA construction:      0.981s
    Time for parsing file(s):     0.450s
    Time for AST to CFA:          0.302s
    Time for CFA sanity check:    0.000s
    Time for post-processing:     0.170s
      Time for function pointers resolving:            0.005s
        Function calls via function pointers:             0 (count: 1, min: 0, max: 0, avg: 0.00)
        Instrumented function pointer calls:              0 (count: 1, min: 0, max: 0, avg: 0.00)
        Function calls with function pointer arguments:        0 (count: 1, min: 0, max: 0, avg: 0.00)
        Instrumented function pointer arguments:          0 (count: 1, min: 0, max: 0, avg: 0.00)
      Time for classifying variables:                  0.091s
        Time for collecting variables:                 0.061s
        Time for solving dependencies:                 0.001s
        Time for building hierarchy:                   0.000s
        Time for building classification:              0.029s
        Time for exporting data:                       0.000s
Time for Analysis:                1.147s
CPU time for analysis:            1.150s
Time for analyzing result:        0.003s
Total time for CPAchecker:        3.074s
Total CPU time for CPAchecker:    3.080s
Time for statistics:              0.087s

Time for Garbage Collector:       0.111s (in 16 runs)
Garbage Collector(s) used:    Copy, MarkSweepCompact

Verification result: FALSE. Property violation (unreach-call: reach_error(); called in line 892) found by chosen configuration.
More details about the verification run can be found in the directory "./output".
