scripts/cpa.sh -heap 4096M -benchmark -timelimit 300s -config ./config/myAnalysis-concurrent-interrupt-benchmark-pthread.properties -stats -spec test/unreach-call.prp -32 test/svcomp-benchmarks/pthread_interrupt/pthread_interrupt/svp_simple_305_001.i


--------------------------------------------------------------------------------


Running CPAchecker with Java heap of size 4096M.
Running CPAchecker with default stack size (1024k). Specify a larger value with -stack if needed.
Language C detected and set for analysis (CPAMain.detectFrontendLanguageIfNecessary, INFO)

Using the following resource limits: CPU-time limit of 300s (ResourceLimitChecker.fromConfiguration, INFO)

CPAchecker 2.0 / myAnalysis-concurrent-interrupt-benchmark-pthread (Java HotSpot(TM) 64-Bit Server VM 11.0.8) started (CPAchecker.run, INFO)

Parsing CFA from file(s) "test/svcomp-benchmarks/pthread_interrupt/pthread_interrupt/svp_simple_305_001.i" (CPAchecker.parse, INFO)

Building Constrained Dependency Graph ... (EdgeInfo.<init>, INFO)

Using unsound approximation of ints with unbounded integers and floats with rationals for encoding program semantics. (FormulaManagerView.<init>, WARNING)

The following configuration options were specified but are not used:
 cpa.threadingintp.maxInterruptLevel
 cpa.por.pcdpor.depComputationStateType
 cpa.locations.useIncClonedFunc 
 (CPAchecker.printConfigurationWarnings, WARNING)

Starting analysis ... (CPAchecker.runAlgorithm, INFO)

========================== Verify Result ===========================
explored states: 326
reached set size: 327
total time: 270 ms
Race times:
 
[31m=========================== Conflicts checked =============================
The total number of conflicts is0
RWR conflicts have 0
WRW conflicts have 0
RWW conflicts have 0
WWR conflicts have 0
[0m=========================== 详细状态如下 =============================
 raceRWRSet:
[]
 raceWRWSet:
[]
 raceRWWSet:
[]
 raceWWRSet:
[]
=========================== Predicates =============================
====================================================================
Stopping analysis ... (CPAchecker.runAlgorithm, INFO)


BDDCPA statistics
-----------------
Number of boolean vars:           3 (of 4)
Number of intEqual vars:          4 (of 6)
Number of intAdd vars:            1 (of 2)
Number of all vars:               8
Number of intBool partitions:     3
Number of intEq partitions:       4
Number of intAdd partitions:      2
Number of all partitions:         26
Number of named predicates:          4480
Number of BDD nodes:                               43503
Size of BDD node table:                            207593
Size of BDD cache:                                 20759
Size of BDD node cleanup queue:                    0.00 (sum: 3, count: 24435, min: 0, max: 3)
Time for BDD node cleanup:                             0.007s
Time for BDD garbage collection:                       0.000s (in 0 runs)

DataAccessCPA statistics
------------------------
[32mtime for TransferRelation:[0m      [33m    0.008s[0m

AutomatonAnalysis (SVCOMP) statistics
-------------------------------------
Number of states:                                  1
Total time for successor computation:                  0.011s
Automaton transfers with branching:                0
Automaton transfer successors:                     1.00 (sum: 325, count: 325, min: 1, max: 1) [1 x 325]
Number of states with assumption transitions:      0

Constrained Dependency Graph statistics
---------------------------------------
Time for building the nodes of conditional dependence graph:     0.060s
Time for building conditional dependence graph:        0.185s
  Number of dependent node:                              24 (count: 1, min: 24, max: 24, avg: 24.00)
  Number of dependent node pairs:                        48
  Number of un-conditional dependent node pairs:         48
  Number of block:                                       24
  Size of block:                                         24 (sum: 24, min: 1, max: 1, avg: 1.00)

CPA algorithm statistics
------------------------
Number of iterations:            322
Max size of waitlist:            5
Average size of waitlist:        2
ThreadingSortedWaitlist:                           126.00 (sum: 126, count: 1, min: 126, max: 126)
CallstackSortedWaitlist:                           0.00 (sum: 0, count: 196, min: 0, max: 0)
Number of computed successors:   326
Max successors for one state:    2
Number of times merged:          0
Number of times stopped:         0
Number of times breaked:         1

Total time for CPA algorithm:         0.270s (Max:     0.270s)
  Time for choose from waitlist:      0.004s
  Time for precision adjustment:      0.004s
  Time for transfer relation:         0.213s
  Time for stop operator:             0.009s
  Time for adding to reached set:     0.032s

CPAchecker general statistics
-----------------------------
Number of program locations:                       312
Number of CFA edges (per node):                         324 (count: 312, min: 0, max: 3, avg: 1.04)
Number of relevant variables:                      21
Number of functions:                               9
Number of loops (and loop nodes):                         3 (sum: 27, min: 3, max: 14, avg: 9.00)
Size of reached set:             327
  Number of partitions:          254
    Avg size of partitions:      1
    Max size of partitions:      20 (with key [{svp_simple_305_001_isr_1=N80 (before line 877) Function svp_simple_305_001_isr_1 called from node N63, stack depth 1 [53fd59d4], stack [svp_simple_305_001_isr_1] @@ 1 @@ 1, svp_simple_305_001_main=N117 (before line 922) Function svp_simple_305_001_main called from node N115, stack depth 1 [8de8b07], stack [svp_simple_305_001_main] @@ -2147483648 @@ 0}])
  Number of target states:       1
  Size of final wait list:       5

Time for analysis setup:          1.915s
  Time for loading CPAs:          0.381s
  Time for loading parser:        0.249s
  Time for CFA construction:      0.976s
    Time for parsing file(s):     0.441s
    Time for AST to CFA:          0.300s
    Time for CFA sanity check:    0.001s
    Time for post-processing:     0.168s
      Time for function pointers resolving:            0.015s
        Function calls via function pointers:             0 (count: 1, min: 0, max: 0, avg: 0.00)
        Instrumented function pointer calls:              0 (count: 1, min: 0, max: 0, avg: 0.00)
        Function calls with function pointer arguments:        0 (count: 1, min: 0, max: 0, avg: 0.00)
        Instrumented function pointer arguments:          0 (count: 1, min: 0, max: 0, avg: 0.00)
      Time for classifying variables:                  0.089s
        Time for collecting variables:                 0.061s
        Time for solving dependencies:                 0.001s
        Time for building hierarchy:                   0.000s
        Time for building classification:              0.027s
        Time for exporting data:                       0.000s
Time for Analysis:                0.291s
CPU time for analysis:            0.300s
Time for analyzing result:        0.002s
Total time for CPAchecker:        2.206s
Total CPU time for CPAchecker:    2.210s
Time for statistics:              0.103s

Time for Garbage Collector:       0.049s (in 7 runs)
Garbage Collector(s) used:    Copy, MarkSweepCompact

Verification result: FALSE. Property violation (unreach-call: reach_error(); called in line 893) found by chosen configuration.
More details about the verification run can be found in the directory "./output".
