scripts/cpa.sh -heap 4096M -benchmark -timelimit 300s -config ./config/myAnalysis-concurrent-interrupt-benchmark-pthread.properties -stats -spec test/unreach-call.prp -32 test/svcomp-benchmarks/pthread_interrupt/pthread_interrupt/svp_simple_322_001.i


--------------------------------------------------------------------------------


Running CPAchecker with Java heap of size 4096M.
Running CPAchecker with default stack size (1024k). Specify a larger value with -stack if needed.
Language C detected and set for analysis (CPAMain.detectFrontendLanguageIfNecessary, INFO)

Using the following resource limits: CPU-time limit of 300s (ResourceLimitChecker.fromConfiguration, INFO)

CPAchecker 2.0 / myAnalysis-concurrent-interrupt-benchmark-pthread (Java HotSpot(TM) 64-Bit Server VM 11.0.8) started (CPAchecker.run, INFO)

Parsing CFA from file(s) "test/svcomp-benchmarks/pthread_interrupt/pthread_interrupt/svp_simple_322_001.i" (CPAchecker.parse, INFO)

line 844: Dead code detected: return 0; (CFACreationUtils.addEdgeToCFA, INFO)

Building Constrained Dependency Graph ... (EdgeInfo.<init>, INFO)

Using unsound approximation of ints with unbounded integers and floats with rationals for encoding program semantics. (FormulaManagerView.<init>, WARNING)

The following configuration options were specified but are not used:
 cpa.threadingintp.maxInterruptLevel
 cpa.por.pcdpor.depComputationStateType
 cpa.locations.useIncClonedFunc 
 (CPAchecker.printConfigurationWarnings, WARNING)

Starting analysis ... (CPAchecker.runAlgorithm, INFO)

========================== Verify Result ===========================
explored states: 29010
reached set size: 29011
total time: 12534 ms
Race times:
 
[31m=========================== Conflicts checked =============================
The total number of conflicts is0
RWR conflicts have 0
WRW conflicts have 0
RWW conflicts have 0
WWR conflicts have 0
[0m=========================== 详细状态如下 =============================
 raceRWRSet:
[]
 raceWRWSet:
[]
 raceRWWSet:
[]
 raceWWRSet:
[]
=========================== Predicates =============================
====================================================================
Stopping analysis ... (CPAchecker.runAlgorithm, INFO)


BDDCPA statistics
-----------------
Number of boolean vars:           3 (of 6)
Number of intEqual vars:          3 (of 5)
Number of intAdd vars:            4 (of 5)
Number of all vars:               10
Number of intBool partitions:     3
Number of intEq partitions:       3
Number of intAdd partitions:      3
Number of all partitions:         16
Number of named predicates:          2880
Number of BDD nodes:                               354829
Size of BDD node table:                            457571
Size of BDD cache:                                 45757
Size of BDD node cleanup queue:                    0.75 (sum: 1923655, count: 2578631, min: 0, max: 91348)
Time for BDD node cleanup:                             0.227s
Time for BDD garbage collection:                       0.127s (in 7 runs)

DataAccessCPA statistics
------------------------
[32mtime for TransferRelation:[0m      [33m    0.165s[0m

AutomatonAnalysis (SVCOMP) statistics
-------------------------------------
Number of states:                                  1
Total time for successor computation:                  0.182s
Automaton transfers with branching:                0
Automaton transfer successors:                     0.97 (sum: 29008, count: 29808, min: 0, max: 1) [0 x 800, 1 x 29008]
Number of states with assumption transitions:      0

Constrained Dependency Graph statistics
---------------------------------------
Time for building the nodes of conditional dependence graph:     0.066s
Time for building conditional dependence graph:        0.194s
  Number of dependent node:                              16 (count: 1, min: 16, max: 16, avg: 16.00)
  Number of dependent node pairs:                        34
  Number of un-conditional dependent node pairs:         34
  Number of block:                                       16
  Size of block:                                         16 (sum: 16, min: 1, max: 1, avg: 1.00)

CPA algorithm statistics
------------------------
Number of iterations:            29011
Max size of waitlist:            803
Average size of waitlist:        356
ThreadingSortedWaitlist:                           28815.00 (sum: 28815, count: 1, min: 28815, max: 28815)
CallstackSortedWaitlist:                           147.02 (sum: 28815, count: 196, min: 0, max: 28815)
Number of computed successors:   29010
Max successors for one state:    3
Number of times merged:          0
Number of times stopped:         0
Number of times breaked:         0

Total time for CPA algorithm:        12.534s (Max:    12.534s)
  Time for choose from waitlist:      0.040s
  Time for precision adjustment:      0.061s
  Time for transfer relation:         4.584s
  Time for stop operator:             7.434s
  Time for adding to reached set:     0.238s

CPAchecker general statistics
-----------------------------
Number of program locations:                       294
Number of CFA edges (per node):                         302 (count: 294, min: 0, max: 3, avg: 1.03)
Number of relevant variables:                      15
Number of functions:                               12
Number of loops (and loop nodes):                         2 (sum: 21, min: 10, max: 11, avg: 10.50)
Size of reached set:             29011
  Number of partitions:          245
    Avg size of partitions:      118
    Max size of partitions:      801 (with key [{svp_simple_322_001_isr_1=N78 (before line 852) Function svp_simple_322_001_isr_1 called from node N73, stack depth 1 [7fb02bba], stack [svp_simple_322_001_isr_1] @@ 1 @@ 1, svp_simple_322_001_main=N108 (before line 886) Function svp_simple_322_001_main called from node N107, stack depth 1 [33659afc], stack [svp_simple_322_001_main] @@ -2147483648 @@ 0}])
  Number of target states:       0

Time for analysis setup:          1.833s
  Time for loading CPAs:          0.353s
  Time for loading parser:        0.250s
  Time for CFA construction:      0.904s
    Time for parsing file(s):     0.424s
    Time for AST to CFA:          0.300s
    Time for CFA sanity check:    0.000s
    Time for post-processing:     0.124s
      Time for function pointers resolving:            0.004s
        Function calls via function pointers:             0 (count: 1, min: 0, max: 0, avg: 0.00)
        Instrumented function pointer calls:              0 (count: 1, min: 0, max: 0, avg: 0.00)
        Function calls with function pointer arguments:        0 (count: 1, min: 0, max: 0, avg: 0.00)
        Instrumented function pointer arguments:          0 (count: 1, min: 0, max: 0, avg: 0.00)
      Time for classifying variables:                  0.058s
        Time for collecting variables:                 0.037s
        Time for solving dependencies:                 0.000s
        Time for building hierarchy:                   0.000s
        Time for building classification:              0.021s
        Time for exporting data:                       0.000s
Time for Analysis:               12.576s
CPU time for analysis:           12.570s
Time for analyzing result:        0.013s
Total time for CPAchecker:       14.409s
Total CPU time for CPAchecker:   14.410s
Time for statistics:              0.126s

Time for Garbage Collector:       0.897s (in 131 runs)
Garbage Collector(s) used:    Copy, MarkSweepCompact

Verification result: TRUE. No property violation found by chosen configuration.
More details about the verification run can be found in the directory "./output".
