scripts/cpa.sh -heap 4096M -benchmark -timelimit 300s -config ./config/myAnalysis-concurrent-interrupt-benchmark-pthread.properties -stats -spec test/unreach-call.prp -32 test/svcomp-benchmarks/pthread_interrupt/pthread_interrupt/svp_simple_304_001.i


--------------------------------------------------------------------------------


Running CPAchecker with Java heap of size 4096M.
Running CPAchecker with default stack size (1024k). Specify a larger value with -stack if needed.
Language C detected and set for analysis (CPAMain.detectFrontendLanguageIfNecessary, INFO)

Using the following resource limits: CPU-time limit of 300s (ResourceLimitChecker.fromConfiguration, INFO)

CPAchecker 2.0 / myAnalysis-concurrent-interrupt-benchmark-pthread (Java HotSpot(TM) 64-Bit Server VM 11.0.8) started (CPAchecker.run, INFO)

Parsing CFA from file(s) "test/svcomp-benchmarks/pthread_interrupt/pthread_interrupt/svp_simple_304_001.i" (CPAchecker.parse, INFO)

Building Constrained Dependency Graph ... (EdgeInfo.<init>, INFO)

Using unsound approximation of ints with unbounded integers and floats with rationals for encoding program semantics. (FormulaManagerView.<init>, WARNING)

The following configuration options were specified but are not used:
 cpa.threadingintp.maxInterruptLevel
 cpa.por.pcdpor.depComputationStateType
 cpa.locations.useIncClonedFunc 
 (CPAchecker.printConfigurationWarnings, WARNING)

Starting analysis ... (CPAchecker.runAlgorithm, INFO)

current state reaches the maximum interrupt nesting level 2 (ThreadingIntpCPA:ThreadingIntpTransferRelation.createInterruptThreads, WARNING)

current state reaches the maximum interrupt nesting level 2 (ThreadingIntpCPA:ThreadingIntpTransferRelation.createInterruptThreads, WARNING)

current state reaches the maximum interrupt nesting level 2 (ThreadingIntpCPA:ThreadingIntpTransferRelation.createInterruptThreads, WARNING)

========================== Verify Result ===========================
explored states: 31
reached set size: 32
total time: 101 ms
Race times:
 
[31m=========================== Conflicts checked =============================
The total number of conflicts is1
RWR conflicts have 1
WRW conflicts have 0
RWW conflicts have 0
WWR conflicts have 0
[0m=========================== 详细状态如下 =============================
 raceRWRSet:
[
data:(data,svp_simple_304_001_isr_1, '82, 'R)
                               (data,svp_simple_304_001_isr_2, '91, 'W)
                               (data,svp_simple_304_001_isr_1, '82, 'R)
}]
 raceWRWSet:
[]
 raceRWWSet:
[]
 raceWWRSet:
[]
=========================== Predicates =============================
====================================================================
Stopping analysis ... (CPAchecker.runAlgorithm, INFO)


BDDCPA statistics
-----------------
Number of boolean vars:           0 (of 1)
Number of intEqual vars:          0 (of 0)
Number of intAdd vars:            2 (of 2)
Number of all vars:               2
Number of intBool partitions:     1
Number of intEq partitions:       0
Number of intAdd partitions:      1
Number of all partitions:         2
Number of named predicates:          320
Number of BDD nodes:                               5222
Size of BDD node table:                            207593
Size of BDD cache:                                 20759
Size of BDD node cleanup queue:                    0.00 (sum: 0, count: 1646, min: 0, max: 0)
Time for BDD node cleanup:                             0.005s
Time for BDD garbage collection:                       0.000s (in 0 runs)

DataAccessCPA statistics
------------------------
[32mtime for TransferRelation:[0m      [33m    0.013s[0m

AutomatonAnalysis (SVCOMP) statistics
-------------------------------------
Number of states:                                  1
Total time for successor computation:                  0.002s
Automaton transfers with branching:                0
Automaton transfer successors:                     1.00 (sum: 22, count: 22, min: 1, max: 1) [1 x 22]
Number of states with assumption transitions:      0

Constrained Dependency Graph statistics
---------------------------------------
Time for building the nodes of conditional dependence graph:     0.083s
Time for building conditional dependence graph:        0.184s
  Number of dependent node:                               6 (count: 1, min: 6, max: 6, avg: 6.00)
  Number of dependent node pairs:                        15
  Number of un-conditional dependent node pairs:         15
  Number of block:                                        6
  Size of block:                                          6 (sum: 6, min: 1, max: 1, avg: 1.00)

CPA algorithm statistics
------------------------
Number of iterations:            22
Max size of waitlist:            10
Average size of waitlist:        4
ThreadingSortedWaitlist:                           10.00 (sum: 10, count: 1, min: 10, max: 10)
CallstackSortedWaitlist:                           0.00 (sum: 0, count: 12, min: 0, max: 0)
Number of computed successors:   31
Max successors for one state:    4
Number of times merged:          0
Number of times stopped:         0
Number of times breaked:         1

Total time for CPA algorithm:         0.100s (Max:     0.100s)
  Time for choose from waitlist:      0.000s
  Time for precision adjustment:      0.005s
  Time for transfer relation:         0.092s
  Time for stop operator:             0.002s
  Time for adding to reached set:     0.001s

CPAchecker general statistics
-----------------------------
Number of program locations:                       39
Number of CFA edges (per node):                          36 (count: 39, min: 0, max: 2, avg: 0.92)
Number of relevant variables:                      1
Number of functions:                               5
Number of loops (and loop nodes):                         0 (sum: 0, min: 0, max: 0, avg: 0.00)
Size of reached set:             32
  Number of partitions:          29
    Avg size of partitions:      1
    Max size of partitions:      2 (with key [{svp_simple_304_001_isr_1=N11 (before line 82) Function svp_simple_304_001_isr_1 called from node N9, stack depth 1 [681e144], stack [svp_simple_304_001_isr_1] @@ 1 @@ 1, svp_simple_304_001_isr_2=N16 (before line 91) Function svp_simple_304_001_isr_2 called from node N15, stack depth 1 [365a6a43], stack [svp_simple_304_001_isr_2] @@ 2 @@ 2, svp_simple_304_001_main=N28 (before line 112) Function svp_simple_304_001_main called from node N27, stack depth 1 [288cdaab], stack [svp_simple_304_001_main] @@ -2147483648 @@ 0}])
  Number of target states:       1
  Size of final wait list:       10

Time for analysis setup:          1.658s
  Time for loading CPAs:          0.307s
  Time for loading parser:        0.244s
  Time for CFA construction:      0.778s
    Time for parsing file(s):     0.473s
    Time for AST to CFA:          0.163s
    Time for CFA sanity check:    0.000s
    Time for post-processing:     0.088s
      Time for function pointers resolving:            0.007s
        Function calls via function pointers:             0 (count: 1, min: 0, max: 0, avg: 0.00)
        Instrumented function pointer calls:              0 (count: 1, min: 0, max: 0, avg: 0.00)
        Function calls with function pointer arguments:        0 (count: 1, min: 0, max: 0, avg: 0.00)
        Instrumented function pointer arguments:          0 (count: 1, min: 0, max: 0, avg: 0.00)
      Time for classifying variables:                  0.054s
        Time for collecting variables:                 0.024s
        Time for solving dependencies:                 0.001s
        Time for building hierarchy:                   0.000s
        Time for building classification:              0.029s
        Time for exporting data:                       0.000s
Time for Analysis:                0.112s
CPU time for analysis:            0.120s
Time for analyzing result:        0.001s
Total time for CPAchecker:        1.771s
Total CPU time for CPAchecker:    1.770s
Time for statistics:              0.083s

Time for Garbage Collector:       0.043s (in 6 runs)
Garbage Collector(s) used:    Copy, MarkSweepCompact

Verification result: FALSE. Property violation (unreach-call: reach_error(); called in line 101) found by chosen configuration.
More details about the verification run can be found in the directory "./output".
