Running CPAchecker with Java heap of size 32768M.
Running CPAchecker with default stack size (1024k). Specify a larger value with -stack if needed.
refinement: 1
========================== Verify Result ===========================
explored states: 69
reached set size: 70
total time: 71 ms
Race times:
 
=========================== Conflicts checked =============================
The total number of conflicts is 4
RWR conflicts have 0
WRW conflicts have 0
RWW conflicts have 2
WWR conflicts have 2
=========================== Detail =============================
 raceRWRSet:
[]
 raceWRWSet:
[]
 raceRWWSet:
[
a:(a,f2_isr, '94, 'R, f2_isr, 1)
                               (a,f1_isr, '72, 'W, f1_isr, 1)
                               (a,f2_isr, '97, 'W, f2_isr, 1)
}, 
a:(a,f2_isr, '94, 'R, f2_isr, 1)
                               (a,f1_isr, '79, 'W, f1_isr, 1)
                               (a,f2_isr, '97, 'W, f2_isr, 1)
}]
 raceWWRSet:
[
a:(a,f2_isr, '90, 'W, f2_isr, 1)
                               (a,f1_isr, '79, 'W, f1_isr, 1)
                               (a,f2_isr, '94, 'R, f2_isr, 1)
}, 
a:(a,f2_isr, '90, 'W, f2_isr, 1)
                               (a,f1_isr, '72, 'W, f1_isr, 1)
                               (a,f2_isr, '94, 'R, f2_isr, 1)
}]
=========================== Predicates =============================
====================================================================
[32mtime for TransferRelation:[0m      [33m    0.015s[0m
Verification result: TRUE. No property violation found by chosen configuration.
More details about the verification run can be found in the directory "./output".
