Running CPAchecker with Java heap of size 32768M.
Running CPAchecker with default stack size (1024k). Specify a larger value with -stack if needed.
refinement: 1
========================== Verify Result ===========================
explored states: 73468
reached set size: 73469
total time: 58627 ms
Race times:
 
=========================== Conflicts checked =============================
The total number of conflicts is 5
RWR conflicts have 0
WRW conflicts have 0
RWW conflicts have 0
WWR conflicts have 5
=========================== Detail =============================
 raceRWRSet:
[]
 raceWRWSet:
[]
 raceRWWSet:
[]
 raceWWRSet:
[
a:(a,f1_isr, '1483, 'W, f1_isr, 1)
                               (a,f4_isr, '1558, 'W, f4_isr, 1)
                               (a,f1_isr, '1488, 'R, f1_isr, 1)
}, 
a:(a,f2_isr, '1504, 'W, f2_isr, 1)
                               (a,f1_isr, '1483, 'W, f1_isr, 1)
                               (a,f2_isr, '1508, 'R, f2_isr, 1)
}, 
b:(b,f3, '1523, 'W, svp_simple_018_001_main, 1)
                               (b,f1_isr, '1484, 'W, f1_isr, 1)
                               (b,f3, '1527, 'R, svp_simple_018_001_main, 1)
}, 
a:(a,f2_isr, '1504, 'W, f2_isr, 1)
                               (a,f4_isr, '1558, 'W, f4_isr, 1)
                               (a,f2_isr, '1508, 'R, f2_isr, 1)
}, 
b:(b,f3, '1523, 'W, svp_simple_018_001_main, 1)
                               (b,f1_isr, '1491, 'W, f1_isr, 1)
                               (b,f3, '1527, 'R, svp_simple_018_001_main, 1)
}]
=========================== Predicates =============================
====================================================================
[32mtime for TransferRelation:[0m      [33m    0.284s[0m
Verification result: TRUE. No property violation found by chosen configuration.
More details about the verification run can be found in the directory "./output".
