Running CPAchecker with Java heap of size 32768M.
Running CPAchecker with default stack size (1024k). Specify a larger value with -stack if needed.
refinement: 1
========================== Verify Result ===========================
explored states: 285749
reached set size: 285750
total time: 405273 ms
Race times:
 
=========================== Conflicts checked =============================
The total number of conflicts is 1
RWR conflicts have 0
WRW conflicts have 0
RWW conflicts have 0
WWR conflicts have 1
=========================== Detail =============================
 raceRWRSet:
[]
 raceWRWSet:
[]
 raceRWWSet:
[]
 raceWWRSet:
[
b:(b,f2_isr, '1509, 'W, f2_isr, 1)
                               (b,f3_isr, '1528, 'W, f3_isr, 1)
                               (b,f2_isr, '1512, 'R, f2_isr, 1)
}]
=========================== Predicates =============================
====================================================================
[32mtime for TransferRelation:[0m      [33m    1.148s[0m
Verification result: TRUE. No property violation found by chosen configuration.
More details about the verification run can be found in the directory "./output".
