scripts/cpa.sh -heap 4096M -benchmark -timelimit 300s -config ./config/myAnalysis-concurrent-interrupt-benchmark-goblint-regression-all-points.properties -stats -spec test/unreach-call.prp -32 test/svcomp-benchmarks/goblint-regression_interrupt/goblint-regression_interrupt/svp_simple_548_001.i


--------------------------------------------------------------------------------


Running CPAchecker with Java heap of size 4096M.
Running CPAchecker with default stack size (1024k). Specify a larger value with -stack if needed.
Language C detected and set for analysis (CPAMain.detectFrontendLanguageIfNecessary, INFO)

Using the following resource limits: CPU-time limit of 300s (ResourceLimitChecker.fromConfiguration, INFO)

CPAchecker 2.0 / myAnalysis-concurrent-interrupt-benchmark-goblint-regression-all-points (Java HotSpot(TM) 64-Bit Server VM 11.0.8) started (CPAchecker.run, INFO)

Parsing CFA from file(s) "test/svcomp-benchmarks/goblint-regression_interrupt/goblint-regression_interrupt/svp_simple_548_001.i" (CPAchecker.parse, INFO)

Building Constrained Dependency Graph ... (EdgeInfo.<init>, INFO)

Using unsound approximation of ints with unbounded integers and floats with rationals for encoding program semantics. (FormulaManagerView.<init>, WARNING)

The following configuration options were specified but are not used:
 cpa.threadingintp.maxInterruptLevel
 cpa.por.pcdpor.depComputationStateType
 cpa.locations.useIncClonedFunc 
 (CPAchecker.printConfigurationWarnings, WARNING)

Starting analysis ... (CPAchecker.runAlgorithm, INFO)

========================== Verify Result ===========================
explored states: 2399
reached set size: 2400
total time: 1316 ms
Race times:
 
[31m=========================== Conflicts checked =============================
The total number of conflicts is2
RWR conflicts have 1
WRW conflicts have 0
RWW conflicts have 0
WWR conflicts have 1
[0m=========================== 详细状态如下 =============================
 raceRWRSet:
[
data:(data,svp_simple_548_001_main, '26, 'R)
                               (data,svp_simple_548_001_isr_1, '14, 'W)
                               (data,svp_simple_548_001_main, '26, 'R)
}]
 raceWRWSet:
[]
 raceRWWSet:
[]
 raceWWRSet:
[
data:(data,svp_simple_548_001_main, '26, 'W)
                               (data,svp_simple_548_001_isr_1, '14, 'W)
                               (data,svp_simple_548_001_main, '26, 'R)
}]
=========================== Predicates =============================
====================================================================
Stopping analysis ... (CPAchecker.runAlgorithm, INFO)


BDDCPA statistics
-----------------
Number of boolean vars:           0 (of 1)
Number of intEqual vars:          0 (of 0)
Number of intAdd vars:            4 (of 4)
Number of all vars:               4
Number of intBool partitions:     1
Number of intEq partitions:       0
Number of intAdd partitions:      2
Number of all partitions:         3
Number of named predicates:          512
Number of BDD nodes:                               19281
Size of BDD node table:                            207593
Size of BDD cache:                                 20759
Size of BDD node cleanup queue:                    0.62 (sum: 276544, count: 449542, min: 0, max: 37296)
Time for BDD node cleanup:                             0.085s
Time for BDD garbage collection:                       0.000s (in 0 runs)

DataAccessCPA statistics
------------------------
[32mtime for TransferRelation:[0m      [33m    0.116s[0m

AutomatonAnalysis (SVCOMP) statistics
-------------------------------------
Number of states:                                  1
Total time for successor computation:                  0.037s
Automaton transfers with branching:                0
Automaton transfer successors:                     1.00 (sum: 2336, count: 2336, min: 1, max: 1) [1 x 2336]
Number of states with assumption transitions:      0

Constrained Dependency Graph statistics
---------------------------------------
Time for building the nodes of conditional dependence graph:     0.053s
Time for building conditional dependence graph:        0.184s
  Number of dependent node:                               5 (count: 1, min: 5, max: 5, avg: 5.00)
  Number of dependent node pairs:                        12
  Number of un-conditional dependent node pairs:         12
  Number of block:                                        5
  Size of block:                                          5 (sum: 5, min: 1, max: 1, avg: 1.00)

CPA algorithm statistics
------------------------
Number of iterations:            2400
Max size of waitlist:            2
Average size of waitlist:        1
ThreadingSortedWaitlist:                           2331.00 (sum: 2331, count: 1, min: 2331, max: 2331)
CallstackSortedWaitlist:                           33.78 (sum: 2331, count: 69, min: 0, max: 68)
Number of computed successors:   2399
Max successors for one state:    2
Number of times merged:          0
Number of times stopped:         0
Number of times breaked:         0

Total time for CPA algorithm:         1.316s (Max:     1.316s)
  Time for choose from waitlist:      0.021s
  Time for precision adjustment:      0.020s
  Time for transfer relation:         0.993s
  Time for stop operator:             0.231s
  Time for adding to reached set:     0.022s

CPAchecker general statistics
-----------------------------
Number of program locations:                       21
Number of CFA edges (per node):                          20 (count: 21, min: 0, max: 2, avg: 0.95)
Number of relevant variables:                      1
Number of functions:                               2
Number of loops (and loop nodes):                         1 (sum: 6, min: 6, max: 6, avg: 6.00)
Size of reached set:             2400
  Number of partitions:          62
    Avg size of partitions:      38
    Max size of partitions:      352 (with key [{svp_simple_548_001_main=N10 (before line 20) Function svp_simple_548_001_main called from node N7, stack depth 1 [5456cb4e], stack [svp_simple_548_001_main] @@ -2147483648 @@ 0}])
  Number of target states:       0

Time for analysis setup:          1.599s
  Time for loading CPAs:          0.338s
  Time for loading parser:        0.245s
  Time for CFA construction:      0.702s
    Time for parsing file(s):     0.454s
    Time for AST to CFA:          0.108s
    Time for CFA sanity check:    0.001s
    Time for post-processing:     0.101s
      Time for function pointers resolving:            0.002s
        Function calls via function pointers:             0 (count: 1, min: 0, max: 0, avg: 0.00)
        Instrumented function pointer calls:              0 (count: 1, min: 0, max: 0, avg: 0.00)
        Function calls with function pointer arguments:        0 (count: 1, min: 0, max: 0, avg: 0.00)
        Instrumented function pointer arguments:          0 (count: 1, min: 0, max: 0, avg: 0.00)
      Time for classifying variables:                  0.042s
        Time for collecting variables:                 0.008s
        Time for solving dependencies:                 0.002s
        Time for building hierarchy:                   0.000s
        Time for building classification:              0.032s
        Time for exporting data:                       0.000s
Time for Analysis:                1.341s
CPU time for analysis:            1.340s
Time for analyzing result:        0.002s
Total time for CPAchecker:        2.941s
Total CPU time for CPAchecker:    2.930s
Time for statistics:              0.085s

Time for Garbage Collector:       0.118s (in 17 runs)
Garbage Collector(s) used:    Copy, MarkSweepCompact

Verification result: TRUE. No property violation found by chosen configuration.
More details about the verification run can be found in the directory "./output".
