scripts/cpa.sh -heap 4096M -benchmark -timelimit 300s -config ./config/myAnalysis-concurrent-interrupt-benchmark-goblint-regression-all-points.properties -stats -spec test/unreach-call.prp -32 test/svcomp-benchmarks/goblint-regression_interrupt/goblint-regression_interrupt/svp_simple_700_001.i


--------------------------------------------------------------------------------


Running CPAchecker with Java heap of size 4096M.
Running CPAchecker with default stack size (1024k). Specify a larger value with -stack if needed.
Language C detected and set for analysis (CPAMain.detectFrontendLanguageIfNecessary, INFO)

Using the following resource limits: CPU-time limit of 300s (ResourceLimitChecker.fromConfiguration, INFO)

CPAchecker 2.0 / myAnalysis-concurrent-interrupt-benchmark-goblint-regression-all-points (Java HotSpot(TM) 64-Bit Server VM 11.0.8) started (CPAchecker.run, INFO)

Parsing CFA from file(s) "test/svcomp-benchmarks/goblint-regression_interrupt/goblint-regression_interrupt/svp_simple_700_001.i" (CPAchecker.parse, INFO)

Building Constrained Dependency Graph ... (EdgeInfo.<init>, INFO)

Using unsound approximation of ints with unbounded integers and floats with rationals for encoding program semantics. (FormulaManagerView.<init>, WARNING)

The following configuration options were specified but are not used:
 cpa.threadingintp.maxInterruptLevel
 cpa.por.pcdpor.depComputationStateType
 cpa.locations.useIncClonedFunc 
 (CPAchecker.printConfigurationWarnings, WARNING)

Starting analysis ... (CPAchecker.runAlgorithm, INFO)

========================== Verify Result ===========================
explored states: 386
reached set size: 387
total time: 346 ms
Race times:
 
[31m=========================== Conflicts checked =============================
The total number of conflicts is0
RWR conflicts have 0
WRW conflicts have 0
RWW conflicts have 0
WWR conflicts have 0
[0m=========================== 详细状态如下 =============================
 raceRWRSet:
[]
 raceWRWSet:
[]
 raceRWWSet:
[]
 raceWWRSet:
[]
=========================== Predicates =============================
====================================================================
Stopping analysis ... (CPAchecker.runAlgorithm, INFO)


BDDCPA statistics
-----------------
Number of boolean vars:           0 (of 1)
Number of intEqual vars:          0 (of 0)
Number of intAdd vars:            10 (of 10)
Number of all vars:               10
Number of intBool partitions:     1
Number of intEq partitions:       0
Number of intAdd partitions:      1
Number of all partitions:         2
Number of named predicates:          832
Number of BDD nodes:                               35873
Size of BDD node table:                            207593
Size of BDD cache:                                 20759
Size of BDD node cleanup queue:                    0.24 (sum: 6415, count: 26418, min: 0, max: 6415)
Time for BDD node cleanup:                             0.016s
Time for BDD garbage collection:                       0.000s (in 0 runs)

DataAccessCPA statistics
------------------------
[32mtime for TransferRelation:[0m      [33m    0.034s[0m

AutomatonAnalysis (SVCOMP) statistics
-------------------------------------
Number of states:                                  1
Total time for successor computation:                  0.023s
Automaton transfers with branching:                0
Automaton transfer successors:                     1.00 (sum: 370, count: 370, min: 1, max: 1) [1 x 370]
Number of states with assumption transitions:      0

Constrained Dependency Graph statistics
---------------------------------------
Time for building the nodes of conditional dependence graph:     0.077s
Time for building conditional dependence graph:        0.197s
  Number of dependent node:                              11 (count: 1, min: 11, max: 11, avg: 11.00)
  Number of dependent node pairs:                        24
  Number of un-conditional dependent node pairs:         24
  Number of block:                                       11
  Size of block:                                         11 (sum: 11, min: 1, max: 1, avg: 1.00)

CPA algorithm statistics
------------------------
Number of iterations:            377
Max size of waitlist:            11
Average size of waitlist:        7
ThreadingSortedWaitlist:                           361.00 (sum: 361, count: 1, min: 361, max: 361)
CallstackSortedWaitlist:                           0.00 (sum: 0, count: 16, min: 0, max: 0)
Number of computed successors:   386
Max successors for one state:    4
Number of times merged:          0
Number of times stopped:         0
Number of times breaked:         1

Total time for CPA algorithm:         0.346s (Max:     0.346s)
  Time for choose from waitlist:      0.000s
  Time for precision adjustment:      0.013s
  Time for transfer relation:         0.286s
  Time for stop operator:             0.022s
  Time for adding to reached set:     0.016s

CPAchecker general statistics
-----------------------------
Number of program locations:                       70
Number of CFA edges (per node):                          71 (count: 70, min: 0, max: 4, avg: 1.01)
Number of relevant variables:                      10
Number of functions:                               6
Number of loops (and loop nodes):                         0 (sum: 0, min: 0, max: 0, avg: 0.00)
Size of reached set:             387
  Number of partitions:          203
    Avg size of partitions:      1
    Max size of partitions:      13 (with key [{svp_simple_700_001_main=N9 (entry of function __VERIFIER_assert in line 77) Function __VERIFIER_assert called from node N54, stack depth 2 [13cae908], stack [svp_simple_700_001_main, __VERIFIER_assert] @@ -2147483648 @@ 0}])
  Number of target states:       1
  Size of final wait list:       10

Time for analysis setup:          1.587s
  Time for loading CPAs:          0.325s
  Time for loading parser:        0.245s
  Time for CFA construction:      0.674s
    Time for parsing file(s):     0.371s
    Time for AST to CFA:          0.175s
    Time for CFA sanity check:    0.000s
    Time for post-processing:     0.087s
      Time for function pointers resolving:            0.004s
        Function calls via function pointers:             0 (count: 1, min: 0, max: 0, avg: 0.00)
        Instrumented function pointer calls:              0 (count: 1, min: 0, max: 0, avg: 0.00)
        Function calls with function pointer arguments:        0 (count: 1, min: 0, max: 0, avg: 0.00)
        Instrumented function pointer arguments:          0 (count: 1, min: 0, max: 0, avg: 0.00)
      Time for classifying variables:                  0.050s
        Time for collecting variables:                 0.027s
        Time for solving dependencies:                 0.001s
        Time for building hierarchy:                   0.000s
        Time for building classification:              0.022s
        Time for exporting data:                       0.000s
Time for Analysis:                0.372s
CPU time for analysis:            0.360s
Time for analyzing result:        0.002s
Total time for CPAchecker:        1.960s
Total CPU time for CPAchecker:    1.950s
Time for statistics:              0.076s

Time for Garbage Collector:       0.049s (in 7 runs)
Garbage Collector(s) used:    Copy, MarkSweepCompact

Verification result: FALSE. Property violation (unreach-call: reach_error(); called in line 77) found by chosen configuration.
More details about the verification run can be found in the directory "./output".
