scripts/cpa.sh -heap 4096M -benchmark -timelimit 300s -config ./config/myAnalysis-concurrent-interrupt-benchmark-goblint-regression-all-points.properties -stats -spec test/unreach-call.prp -32 test/svcomp-benchmarks/goblint-regression_interrupt/goblint-regression_interrupt/svp_simple_543_001.i


--------------------------------------------------------------------------------


Running CPAchecker with Java heap of size 4096M.
Running CPAchecker with default stack size (1024k). Specify a larger value with -stack if needed.
Language C detected and set for analysis (CPAMain.detectFrontendLanguageIfNecessary, INFO)

Using the following resource limits: CPU-time limit of 300s (ResourceLimitChecker.fromConfiguration, INFO)

CPAchecker 2.0 / myAnalysis-concurrent-interrupt-benchmark-goblint-regression-all-points (Java HotSpot(TM) 64-Bit Server VM 11.0.8) started (CPAchecker.run, INFO)

Parsing CFA from file(s) "test/svcomp-benchmarks/goblint-regression_interrupt/goblint-regression_interrupt/svp_simple_543_001.i" (CPAchecker.parse, INFO)

Building Constrained Dependency Graph ... (EdgeInfo.<init>, INFO)

Using unsound approximation of ints with unbounded integers and floats with rationals for encoding program semantics. (FormulaManagerView.<init>, WARNING)

The following configuration options were specified but are not used:
 cpa.threadingintp.maxInterruptLevel
 cpa.por.pcdpor.depComputationStateType
 cpa.locations.useIncClonedFunc 
 (CPAchecker.printConfigurationWarnings, WARNING)

Starting analysis ... (CPAchecker.runAlgorithm, INFO)

========================== Verify Result ===========================
explored states: 270
reached set size: 271
total time: 178 ms
Race times:
 
[31m=========================== Conflicts checked =============================
The total number of conflicts is1
RWR conflicts have 1
WRW conflicts have 0
RWW conflicts have 0
WWR conflicts have 0
[0m=========================== 详细状态如下 =============================
 raceRWRSet:
[
fp:(fp,svp_simple_543_001_main, '750, 'R)
                               (fp,svp_simple_543_001_isr_1, '741, 'W)
                               (fp,svp_simple_543_001_main, '750, 'R)
}]
 raceWRWSet:
[]
 raceRWWSet:
[]
 raceWWRSet:
[]
=========================== Predicates =============================
====================================================================
Stopping analysis ... (CPAchecker.runAlgorithm, INFO)


BDDCPA statistics
-----------------
Number of boolean vars:           1 (of 2)
Number of intEqual vars:          2 (of 2)
Number of intAdd vars:            0 (of 0)
Number of all vars:               3
Number of intBool partitions:     2
Number of intEq partitions:       2
Number of intAdd partitions:      0
Number of all partitions:         9
Number of named predicates:          1280
Number of BDD nodes:                               3408
Size of BDD node table:                            207593
Size of BDD cache:                                 20759
Size of BDD node cleanup queue:                    0.00 (sum: 0, count: 1329, min: 0, max: 0)
Time for BDD node cleanup:                             0.001s
Time for BDD garbage collection:                       0.000s (in 0 runs)

DataAccessCPA statistics
------------------------
[32mtime for TransferRelation:[0m      [33m    0.013s[0m

AutomatonAnalysis (SVCOMP) statistics
-------------------------------------
Number of states:                                  1
Total time for successor computation:                  0.009s
Automaton transfers with branching:                0
Automaton transfer successors:                     1.00 (sum: 259, count: 259, min: 1, max: 1) [1 x 259]
Number of states with assumption transitions:      0

Constrained Dependency Graph statistics
---------------------------------------
Time for building the nodes of conditional dependence graph:     0.012s
Time for building conditional dependence graph:        0.179s
  Number of dependent node:                               6 (count: 1, min: 6, max: 6, avg: 6.00)
  Number of dependent node pairs:                        11
  Number of un-conditional dependent node pairs:         11
  Number of block:                                        6
  Size of block:                                          6 (sum: 6, min: 1, max: 1, avg: 1.00)

CPA algorithm statistics
------------------------
Number of iterations:            271
Max size of waitlist:            6
Average size of waitlist:        1
ThreadingSortedWaitlist:                           84.00 (sum: 84, count: 1, min: 84, max: 84)
CallstackSortedWaitlist:                           0.45 (sum: 84, count: 187, min: 0, max: 66)
Number of computed successors:   270
Max successors for one state:    4
Number of times merged:          0
Number of times stopped:         0
Number of times breaked:         0

Total time for CPA algorithm:         0.178s (Max:     0.178s)
  Time for choose from waitlist:      0.002s
  Time for precision adjustment:      0.013s
  Time for transfer relation:         0.139s
  Time for stop operator:             0.002s
  Time for adding to reached set:     0.016s

CPAchecker general statistics
-----------------------------
Number of program locations:                       199
Number of CFA edges (per node):                         199 (count: 199, min: 0, max: 2, avg: 1.00)
Number of relevant variables:                      3
Number of functions:                               4
Number of loops (and loop nodes):                         0 (sum: 0, min: 0, max: 0, avg: 0.00)
Size of reached set:             271
  Number of partitions:          230
    Avg size of partitions:      1
    Max size of partitions:      12 (with key [{svp_simple_543_001_main=N15 (before line 753) Function svp_simple_543_001_main called from node N13, stack depth 1 [20e3c449], stack [svp_simple_543_001_main] @@ -2147483648 @@ 0}])
  Number of target states:       0

Time for analysis setup:          1.693s
  Time for loading CPAs:          0.349s
  Time for loading parser:        0.240s
  Time for CFA construction:      0.837s
    Time for parsing file(s):     0.413s
    Time for AST to CFA:          0.228s
    Time for CFA sanity check:    0.000s
    Time for post-processing:     0.150s
      Time for function pointers resolving:            0.055s
        Function calls via function pointers:             1 (count: 1, min: 1, max: 1, avg: 1.00)
        Instrumented function pointer calls:              1 (count: 1, min: 1, max: 1, avg: 1.00)
        Function calls with function pointer arguments:        0 (count: 1, min: 0, max: 0, avg: 0.00)
        Instrumented function pointer arguments:          0 (count: 1, min: 0, max: 0, avg: 0.00)
      Time for classifying variables:                  0.039s
        Time for collecting variables:                 0.008s
        Time for solving dependencies:                 0.001s
        Time for building hierarchy:                   0.000s
        Time for building classification:              0.030s
        Time for exporting data:                       0.000s
Time for Analysis:                0.213s
CPU time for analysis:            0.210s
Time for analyzing result:        0.001s
Total time for CPAchecker:        1.906s
Total CPU time for CPAchecker:    1.910s
Time for statistics:              0.069s

Time for Garbage Collector:       0.050s (in 8 runs)
Garbage Collector(s) used:    Copy, MarkSweepCompact

Verification result: TRUE. No property violation found by chosen configuration.
More details about the verification run can be found in the directory "./output".
