scripts/cpa.sh -heap 4096M -benchmark -timelimit 300s -config ./config/myAnalysis-concurrent-interrupt-benchmark-goblint-regression-all-points.properties -stats -spec test/unreach-call.prp -32 test/svcomp-benchmarks/goblint-regression_interrupt/goblint-regression_interrupt/svp_simple_702_001.i


--------------------------------------------------------------------------------


Running CPAchecker with Java heap of size 4096M.
Running CPAchecker with default stack size (1024k). Specify a larger value with -stack if needed.
Language C detected and set for analysis (CPAMain.detectFrontendLanguageIfNecessary, INFO)

Using the following resource limits: CPU-time limit of 300s (ResourceLimitChecker.fromConfiguration, INFO)

CPAchecker 2.0 / myAnalysis-concurrent-interrupt-benchmark-goblint-regression-all-points (Java HotSpot(TM) 64-Bit Server VM 11.0.8) started (CPAchecker.run, INFO)

Parsing CFA from file(s) "test/svcomp-benchmarks/goblint-regression_interrupt/goblint-regression_interrupt/svp_simple_702_001.i" (CPAchecker.parse, INFO)

Building Constrained Dependency Graph ... (EdgeInfo.<init>, INFO)

Using unsound approximation of ints with unbounded integers and floats with rationals for encoding program semantics. (FormulaManagerView.<init>, WARNING)

The following configuration options were specified but are not used:
 cpa.threadingintp.maxInterruptLevel
 cpa.por.pcdpor.depComputationStateType
 cpa.locations.useIncClonedFunc 
 (CPAchecker.printConfigurationWarnings, WARNING)

Starting analysis ... (CPAchecker.runAlgorithm, INFO)

========================== Verify Result ===========================
explored states: 371
reached set size: 372
total time: 372 ms
Race times:
 
[31m=========================== Conflicts checked =============================
The total number of conflicts is1
RWR conflicts have 0
WRW conflicts have 1
RWW conflicts have 0
WWR conflicts have 0
[0m=========================== 详细状态如下 =============================
 raceRWRSet:
[]
 raceWRWSet:
[
i:(i,svp_simple_702_001_main, '126, 'W)
                               (i,svp_simple_702_001_isr_1, '110, 'R)
                               (i,svp_simple_702_001_main, '135, 'W)
}]
 raceRWWSet:
[]
 raceWWRSet:
[]
=========================== Predicates =============================
====================================================================
Stopping analysis ... (CPAchecker.runAlgorithm, INFO)


BDDCPA statistics
-----------------
Number of boolean vars:           0 (of 1)
Number of intEqual vars:          3 (of 3)
Number of intAdd vars:            11 (of 11)
Number of all vars:               14
Number of intBool partitions:     1
Number of intEq partitions:       1
Number of intAdd partitions:      1
Number of all partitions:         3
Number of named predicates:          1152
Number of BDD nodes:                               96793
Size of BDD node table:                            207593
Size of BDD cache:                                 20759
Size of BDD node cleanup queue:                    0.30 (sum: 9614, count: 32049, min: 0, max: 9614)
Time for BDD node cleanup:                             0.008s
Time for BDD garbage collection:                       0.000s (in 0 runs)

DataAccessCPA statistics
------------------------
[32mtime for TransferRelation:[0m      [33m    0.025s[0m

AutomatonAnalysis (SVCOMP) statistics
-------------------------------------
Number of states:                                  1
Total time for successor computation:                  0.037s
Automaton transfers with branching:                0
Automaton transfer successors:                     0.99 (sum: 347, count: 350, min: 0, max: 1) [0 x 3, 1 x 347]
Number of states with assumption transitions:      0

Constrained Dependency Graph statistics
---------------------------------------
Time for building the nodes of conditional dependence graph:     0.057s
Time for building conditional dependence graph:        0.196s
  Number of dependent node:                              10 (count: 1, min: 10, max: 10, avg: 10.00)
  Number of dependent node pairs:                        19
  Number of un-conditional dependent node pairs:         19
  Number of block:                                       10
  Size of block:                                         10 (sum: 10, min: 1, max: 1, avg: 1.00)

CPA algorithm statistics
------------------------
Number of iterations:            351
Max size of waitlist:            24
Average size of waitlist:        17
ThreadingSortedWaitlist:                           334.00 (sum: 334, count: 1, min: 334, max: 334)
CallstackSortedWaitlist:                           0.00 (sum: 0, count: 17, min: 0, max: 0)
Number of computed successors:   371
Max successors for one state:    4
Number of times merged:          0
Number of times stopped:         0
Number of times breaked:         1

Total time for CPA algorithm:         0.372s (Max:     0.372s)
  Time for choose from waitlist:      0.001s
  Time for precision adjustment:      0.022s
  Time for transfer relation:         0.311s
  Time for stop operator:             0.008s
  Time for adding to reached set:     0.021s

CPAchecker general statistics
-----------------------------
Number of program locations:                       81
Number of CFA edges (per node):                          91 (count: 81, min: 0, max: 3, avg: 1.12)
Number of relevant variables:                      14
Number of functions:                               6
Number of loops (and loop nodes):                         0 (sum: 0, min: 0, max: 0, avg: 0.00)
Size of reached set:             372
  Number of partitions:          275
    Avg size of partitions:      1
    Max size of partitions:      9 (with key [{svp_simple_702_001_main=N45 (before line 138) Function svp_simple_702_001_main called from node N41, stack depth 1 [4b9a1be5], stack [svp_simple_702_001_main] @@ -2147483648 @@ 0}])
  Number of target states:       1
  Size of final wait list:       21

Time for analysis setup:          1.628s
  Time for loading CPAs:          0.360s
  Time for loading parser:        0.246s
  Time for CFA construction:      0.696s
    Time for parsing file(s):     0.375s
    Time for AST to CFA:          0.174s
    Time for CFA sanity check:    0.000s
    Time for post-processing:     0.102s
      Time for function pointers resolving:            0.003s
        Function calls via function pointers:             0 (count: 1, min: 0, max: 0, avg: 0.00)
        Instrumented function pointer calls:              0 (count: 1, min: 0, max: 0, avg: 0.00)
        Function calls with function pointer arguments:        0 (count: 1, min: 0, max: 0, avg: 0.00)
        Instrumented function pointer arguments:          0 (count: 1, min: 0, max: 0, avg: 0.00)
      Time for classifying variables:                  0.056s
        Time for collecting variables:                 0.031s
        Time for solving dependencies:                 0.000s
        Time for building hierarchy:                   0.000s
        Time for building classification:              0.025s
        Time for exporting data:                       0.000s
Time for Analysis:                0.397s
CPU time for analysis:            0.390s
Time for analyzing result:        0.002s
Total time for CPAchecker:        2.026s
Total CPU time for CPAchecker:    2.020s
Time for statistics:              0.069s

Time for Garbage Collector:       0.050s (in 7 runs)
Garbage Collector(s) used:    Copy, MarkSweepCompact

Verification result: FALSE. Property violation (unreach-call: reach_error(); called in line 77) found by chosen configuration.
More details about the verification run can be found in the directory "./output".
