scripts/cpa.sh -heap 4096M -benchmark -timelimit 300s -config ./config/myAnalysis-concurrent-interrupt-benchmark-goblint-regression-all-points.properties -stats -spec test/unreach-call.prp -32 test/svcomp-benchmarks/goblint-regression_interrupt/goblint-regression_interrupt/svp_simple_520_001.i


--------------------------------------------------------------------------------


Running CPAchecker with Java heap of size 4096M.
Running CPAchecker with default stack size (1024k). Specify a larger value with -stack if needed.
Language C detected and set for analysis (CPAMain.detectFrontendLanguageIfNecessary, INFO)

Using the following resource limits: CPU-time limit of 300s (ResourceLimitChecker.fromConfiguration, INFO)

CPAchecker 2.0 / myAnalysis-concurrent-interrupt-benchmark-goblint-regression-all-points (Java HotSpot(TM) 64-Bit Server VM 11.0.8) started (CPAchecker.run, INFO)

Parsing CFA from file(s) "test/svcomp-benchmarks/goblint-regression_interrupt/goblint-regression_interrupt/svp_simple_520_001.i" (CPAchecker.parse, INFO)

Building Constrained Dependency Graph ... (EdgeInfo.<init>, INFO)

Using unsound approximation of ints with unbounded integers and floats with rationals for encoding program semantics. (FormulaManagerView.<init>, WARNING)

The following configuration options were specified but are not used:
 cpa.threadingintp.maxInterruptLevel
 cpa.por.pcdpor.depComputationStateType
 cpa.locations.useIncClonedFunc 
 (CPAchecker.printConfigurationWarnings, WARNING)

Starting analysis ... (CPAchecker.runAlgorithm, INFO)

========================== Verify Result ===========================
explored states: 828
reached set size: 829
total time: 525 ms
Race times:
 
[31m=========================== Conflicts checked =============================
The total number of conflicts is1
RWR conflicts have 1
WRW conflicts have 0
RWW conflicts have 0
WWR conflicts have 0
[0m=========================== 详细状态如下 =============================
 raceRWRSet:
[
glob:(glob,svp_simple_520_001_main, '783, 'R)
                               (glob,svp_simple_520_001_isr_1, '767, 'W)
                               (glob,svp_simple_520_001_main, '783, 'R)
}]
 raceWRWSet:
[]
 raceRWWSet:
[]
 raceWWRSet:
[]
=========================== Predicates =============================
====================================================================
Stopping analysis ... (CPAchecker.runAlgorithm, INFO)


BDDCPA statistics
-----------------
Number of boolean vars:           1 (of 2)
Number of intEqual vars:          0 (of 0)
Number of intAdd vars:            6 (of 6)
Number of all vars:               7
Number of intBool partitions:     2
Number of intEq partitions:       0
Number of intAdd partitions:      2
Number of all partitions:         8
Number of named predicates:          1280
Number of BDD nodes:                               38633
Size of BDD node table:                            207593
Size of BDD cache:                                 20759
Size of BDD node cleanup queue:                    0.30 (sum: 22571, count: 74131, min: 0, max: 18158)
Time for BDD node cleanup:                             0.026s
Time for BDD garbage collection:                       0.000s (in 0 runs)

DataAccessCPA statistics
------------------------
[32mtime for TransferRelation:[0m      [33m    0.033s[0m

AutomatonAnalysis (SVCOMP) statistics
-------------------------------------
Number of states:                                  1
Total time for successor computation:                  0.022s
Automaton transfers with branching:                0
Automaton transfer successors:                     1.00 (sum: 789, count: 789, min: 1, max: 1) [1 x 789]
Number of states with assumption transitions:      0

Constrained Dependency Graph statistics
---------------------------------------
Time for building the nodes of conditional dependence graph:     0.055s
Time for building conditional dependence graph:        0.172s
  Number of dependent node:                               5 (count: 1, min: 5, max: 5, avg: 5.00)
  Number of dependent node pairs:                        12
  Number of un-conditional dependent node pairs:         12
  Number of block:                                        5
  Size of block:                                          5 (sum: 5, min: 1, max: 1, avg: 1.00)

CPA algorithm statistics
------------------------
Number of iterations:            829
Max size of waitlist:            6
Average size of waitlist:        2
ThreadingSortedWaitlist:                           629.00 (sum: 629, count: 1, min: 629, max: 629)
CallstackSortedWaitlist:                           3.14 (sum: 629, count: 200, min: 0, max: 344)
Number of computed successors:   828
Max successors for one state:    4
Number of times merged:          0
Number of times stopped:         0
Number of times breaked:         0

Total time for CPA algorithm:         0.525s (Max:     0.525s)
  Time for choose from waitlist:      0.006s
  Time for precision adjustment:      0.016s
  Time for transfer relation:         0.408s
  Time for stop operator:             0.045s
  Time for adding to reached set:     0.033s

CPAchecker general statistics
-----------------------------
Number of program locations:                       210
Number of CFA edges (per node):                         211 (count: 210, min: 0, max: 2, avg: 1.00)
Number of relevant variables:                      1
Number of functions:                               2
Number of loops (and loop nodes):                         0 (sum: 0, min: 0, max: 0, avg: 0.00)
Size of reached set:             829
  Number of partitions:          323
    Avg size of partitions:      2
    Max size of partitions:      48 (with key [{svp_simple_520_001_main=N26 (before line 786) Function svp_simple_520_001_main called from node N7, stack depth 1 [2c021a0b], stack [svp_simple_520_001_main] @@ -2147483648 @@ 0}])
  Number of target states:       0

Time for analysis setup:          1.704s
  Time for loading CPAs:          0.355s
  Time for loading parser:        0.239s
  Time for CFA construction:      0.805s
    Time for parsing file(s):     0.406s
    Time for AST to CFA:          0.241s
    Time for CFA sanity check:    0.000s
    Time for post-processing:     0.111s
      Time for function pointers resolving:            0.005s
        Function calls via function pointers:             0 (count: 1, min: 0, max: 0, avg: 0.00)
        Instrumented function pointer calls:              0 (count: 1, min: 0, max: 0, avg: 0.00)
        Function calls with function pointer arguments:        0 (count: 1, min: 0, max: 0, avg: 0.00)
        Instrumented function pointer arguments:          0 (count: 1, min: 0, max: 0, avg: 0.00)
      Time for classifying variables:                  0.064s
        Time for collecting variables:                 0.019s
        Time for solving dependencies:                 0.006s
        Time for building hierarchy:                   0.000s
        Time for building classification:              0.039s
        Time for exporting data:                       0.000s
Time for Analysis:                0.553s
CPU time for analysis:            0.550s
Time for analyzing result:        0.001s
Total time for CPAchecker:        2.263s
Total CPU time for CPAchecker:    2.260s
Time for statistics:              0.077s

Time for Garbage Collector:       0.060s (in 8 runs)
Garbage Collector(s) used:    Copy, MarkSweepCompact

Verification result: TRUE. No property violation found by chosen configuration.
More details about the verification run can be found in the directory "./output".
