scripts/cpa.sh -heap 4096M -benchmark -timelimit 300s -config ./config/myAnalysis-concurrent-interrupt-benchmark-goblint-regression-all-points.properties -stats -spec test/unreach-call.prp -32 test/svcomp-benchmarks/goblint-regression_interrupt/goblint-regression_interrupt/svp_simple_545_001.i


--------------------------------------------------------------------------------


Running CPAchecker with Java heap of size 4096M.
Running CPAchecker with default stack size (1024k). Specify a larger value with -stack if needed.
Language C detected and set for analysis (CPAMain.detectFrontendLanguageIfNecessary, INFO)

Using the following resource limits: CPU-time limit of 300s (ResourceLimitChecker.fromConfiguration, INFO)

CPAchecker 2.0 / myAnalysis-concurrent-interrupt-benchmark-goblint-regression-all-points (Java HotSpot(TM) 64-Bit Server VM 11.0.8) started (CPAchecker.run, INFO)

Parsing CFA from file(s) "test/svcomp-benchmarks/goblint-regression_interrupt/goblint-regression_interrupt/svp_simple_545_001.i" (CPAchecker.parse, INFO)

Building Constrained Dependency Graph ... (EdgeInfo.<init>, INFO)

Using unsound approximation of ints with unbounded integers and floats with rationals for encoding program semantics. (FormulaManagerView.<init>, WARNING)

The following configuration options were specified but are not used:
 cpa.threadingintp.maxInterruptLevel
 cpa.por.pcdpor.depComputationStateType
 cpa.locations.useIncClonedFunc 
 (CPAchecker.printConfigurationWarnings, WARNING)

Starting analysis ... (CPAchecker.runAlgorithm, INFO)

========================== Verify Result ===========================
explored states: 217
reached set size: 218
total time: 179 ms
Race times:
 
[31m=========================== Conflicts checked =============================
The total number of conflicts is0
RWR conflicts have 0
WRW conflicts have 0
RWW conflicts have 0
WWR conflicts have 0
[0m=========================== 详细状态如下 =============================
 raceRWRSet:
[]
 raceWRWSet:
[]
 raceRWWSet:
[]
 raceWWRSet:
[]
=========================== Predicates =============================
====================================================================
Stopping analysis ... (CPAchecker.runAlgorithm, INFO)


BDDCPA statistics
-----------------
Number of boolean vars:           1 (of 2)
Number of intEqual vars:          0 (of 0)
Number of intAdd vars:            4 (of 4)
Number of all vars:               5
Number of intBool partitions:     2
Number of intEq partitions:       0
Number of intAdd partitions:      2
Number of all partitions:         8
Number of named predicates:          1152
Number of BDD nodes:                               11266
Size of BDD node table:                            207593
Size of BDD cache:                                 20759
Size of BDD node cleanup queue:                    0.00 (sum: 0, count: 4003, min: 0, max: 0)
Time for BDD node cleanup:                             0.005s
Time for BDD garbage collection:                       0.000s (in 0 runs)

DataAccessCPA statistics
------------------------
[32mtime for TransferRelation:[0m      [33m    0.016s[0m

AutomatonAnalysis (SVCOMP) statistics
-------------------------------------
Number of states:                                  1
Total time for successor computation:                  0.006s
Automaton transfers with branching:                0
Automaton transfer successors:                     1.00 (sum: 213, count: 213, min: 1, max: 1) [1 x 213]
Number of states with assumption transitions:      0

Constrained Dependency Graph statistics
---------------------------------------
Time for building the nodes of conditional dependence graph:     0.053s
Time for building conditional dependence graph:        0.184s
  Number of dependent node:                               8 (count: 1, min: 8, max: 8, avg: 8.00)
  Number of dependent node pairs:                        14
  Number of un-conditional dependent node pairs:         14
  Number of block:                                        8
  Size of block:                                          8 (sum: 8, min: 1, max: 1, avg: 1.00)

CPA algorithm statistics
------------------------
Number of iterations:            218
Max size of waitlist:            2
Average size of waitlist:        1
ThreadingSortedWaitlist:                           34.00 (sum: 34, count: 1, min: 34, max: 34)
CallstackSortedWaitlist:                           0.18 (sum: 34, count: 184, min: 0, max: 10)
Number of computed successors:   217
Max successors for one state:    2
Number of times merged:          0
Number of times stopped:         0
Number of times breaked:         0

Total time for CPA algorithm:         0.179s (Max:     0.179s)
  Time for choose from waitlist:      0.005s
  Time for precision adjustment:      0.011s
  Time for transfer relation:         0.145s
  Time for stop operator:             0.000s
  Time for adding to reached set:     0.013s

CPAchecker general statistics
-----------------------------
Number of program locations:                       192
Number of CFA edges (per node):                         190 (count: 192, min: 0, max: 1, avg: 0.99)
Number of relevant variables:                      2
Number of functions:                               2
Number of loops (and loop nodes):                         0 (sum: 0, min: 0, max: 0, avg: 0.00)
Size of reached set:             218
  Number of partitions:          212
    Avg size of partitions:      1
    Max size of partitions:      4 (with key [{svp_simple_545_001_main=N13 (before line 753) Function svp_simple_545_001_main called from node N8, stack depth 1 [329548d0], stack [svp_simple_545_001_main] @@ -2147483648 @@ 0}])
  Number of target states:       0

Time for analysis setup:          1.700s
  Time for loading CPAs:          0.339s
  Time for loading parser:        0.247s
  Time for CFA construction:      0.793s
    Time for parsing file(s):     0.411s
    Time for AST to CFA:          0.240s
    Time for CFA sanity check:    0.000s
    Time for post-processing:     0.099s
      Time for function pointers resolving:            0.014s
        Function calls via function pointers:             0 (count: 1, min: 0, max: 0, avg: 0.00)
        Instrumented function pointer calls:              0 (count: 1, min: 0, max: 0, avg: 0.00)
        Function calls with function pointer arguments:        0 (count: 1, min: 0, max: 0, avg: 0.00)
        Instrumented function pointer arguments:          0 (count: 1, min: 0, max: 0, avg: 0.00)
      Time for classifying variables:                  0.049s
        Time for collecting variables:                 0.019s
        Time for solving dependencies:                 0.000s
        Time for building hierarchy:                   0.000s
        Time for building classification:              0.030s
        Time for exporting data:                       0.000s
Time for Analysis:                0.216s
CPU time for analysis:            0.210s
Time for analyzing result:        0.001s
Total time for CPAchecker:        1.916s
Total CPU time for CPAchecker:    1.910s
Time for statistics:              0.092s

Time for Garbage Collector:       0.049s (in 7 runs)
Garbage Collector(s) used:    Copy, MarkSweepCompact

Verification result: TRUE. No property violation found by chosen configuration.
More details about the verification run can be found in the directory "./output".
