scripts/cpa.sh -heap 4096M -benchmark -timelimit 300s -config ./config/myAnalysis-concurrent-interrupt-benchmark-goblint-regression-all-points.properties -stats -spec test/unreach-call.prp -32 test/svcomp-benchmarks/goblint-regression_interrupt/goblint-regression_interrupt/svp_simple_580_001.i


--------------------------------------------------------------------------------


Running CPAchecker with Java heap of size 4096M.
Running CPAchecker with default stack size (1024k). Specify a larger value with -stack if needed.
Language C detected and set for analysis (CPAMain.detectFrontendLanguageIfNecessary, INFO)

Using the following resource limits: CPU-time limit of 300s (ResourceLimitChecker.fromConfiguration, INFO)

CPAchecker 2.0 / myAnalysis-concurrent-interrupt-benchmark-goblint-regression-all-points (Java HotSpot(TM) 64-Bit Server VM 11.0.8) started (CPAchecker.run, INFO)

Parsing CFA from file(s) "test/svcomp-benchmarks/goblint-regression_interrupt/goblint-regression_interrupt/svp_simple_580_001.i" (CPAchecker.parse, INFO)

Building Constrained Dependency Graph ... (EdgeInfo.<init>, INFO)

Using unsound approximation of ints with unbounded integers and floats with rationals for encoding program semantics. (FormulaManagerView.<init>, WARNING)

The following configuration options were specified but are not used:
 cpa.threadingintp.maxInterruptLevel
 cpa.por.pcdpor.depComputationStateType
 cpa.locations.useIncClonedFunc 
 (CPAchecker.printConfigurationWarnings, WARNING)

Starting analysis ... (CPAchecker.runAlgorithm, INFO)

========================== Verify Result ===========================
explored states: 996
reached set size: 997
total time: 412 ms
Race times:
 
[31m=========================== Conflicts checked =============================
The total number of conflicts is2
RWR conflicts have 0
WRW conflicts have 0
RWW conflicts have 1
WWR conflicts have 1
[0m=========================== 详细状态如下 =============================
 raceRWRSet:
[]
 raceWRWSet:
[]
 raceRWWSet:
[
A:(A,svp_simple_580_001_main, '1873, 'R)
                               (A,svp_simple_580_001_isr_1, '1859, 'W)
                               (A,svp_simple_580_001_main, '1874, 'W)
}]
 raceWWRSet:
[
A:(A,svp_simple_580_001_main, '1874, 'W)
                               (A,svp_simple_580_001_isr_1, '1859, 'W)
                               (A,svp_simple_580_001_main, '1884, 'R)
}]
=========================== Predicates =============================
====================================================================
Stopping analysis ... (CPAchecker.runAlgorithm, INFO)


BDDCPA statistics
-----------------
Number of boolean vars:           1 (of 5)
Number of intEqual vars:          0 (of 0)
Number of intAdd vars:            0 (of 0)
Number of all vars:               1
Number of intBool partitions:     5
Number of intEq partitions:       0
Number of intAdd partitions:      0
Number of all partitions:         19
Number of named predicates:          3840
Number of BDD nodes:                               12726
Size of BDD node table:                            207593
Size of BDD cache:                                 20759
Size of BDD node cleanup queue:                    0.00 (sum: 0, count: 12516, min: 0, max: 0)
Time for BDD node cleanup:                             0.005s
Time for BDD garbage collection:                       0.000s (in 0 runs)

DataAccessCPA statistics
------------------------
[32mtime for TransferRelation:[0m      [33m    0.031s[0m

AutomatonAnalysis (SVCOMP) statistics
-------------------------------------
Number of states:                                  1
Total time for successor computation:                  0.032s
Automaton transfers with branching:                0
Automaton transfer successors:                     1.00 (sum: 973, count: 973, min: 1, max: 1) [1 x 973]
Number of states with assumption transitions:      0

Constrained Dependency Graph statistics
---------------------------------------
Time for building the nodes of conditional dependence graph:     0.048s
Time for building conditional dependence graph:        0.181s
  Number of dependent node:                               8 (count: 1, min: 8, max: 8, avg: 8.00)
  Number of dependent node pairs:                        26
  Number of un-conditional dependent node pairs:         26
  Number of block:                                        8
  Size of block:                                          8 (sum: 8, min: 1, max: 1, avg: 1.00)

CPA algorithm statistics
------------------------
Number of iterations:            997
Max size of waitlist:            3
Average size of waitlist:        1
ThreadingSortedWaitlist:                           586.00 (sum: 586, count: 1, min: 586, max: 586)
CallstackSortedWaitlist:                           1.43 (sum: 586, count: 411, min: 0, max: 66)
Number of computed successors:   996
Max successors for one state:    2
Number of times merged:          0
Number of times stopped:         0
Number of times breaked:         0

Total time for CPA algorithm:         0.412s (Max:     0.412s)
  Time for choose from waitlist:      0.019s
  Time for precision adjustment:      0.007s
  Time for transfer relation:         0.312s
  Time for stop operator:             0.019s
  Time for adding to reached set:     0.016s

CPAchecker general statistics
-----------------------------
Number of program locations:                       440
Number of CFA edges (per node):                         435 (count: 440, min: 0, max: 4, avg: 0.99)
Number of relevant variables:                      6
Number of functions:                               9
Number of loops (and loop nodes):                         0 (sum: 0, min: 0, max: 0, avg: 0.00)
Size of reached set:             997
  Number of partitions:          749
    Avg size of partitions:      1
    Max size of partitions:      17 (with key [{svp_simple_580_001_main=N65 (before line 1887) Function svp_simple_580_001_main called from node N50, stack depth 1 [5529522f], stack [svp_simple_580_001_main] @@ -2147483648 @@ 0}])
  Number of target states:       0

Time for analysis setup:          2.020s
  Time for loading CPAs:          0.386s
  Time for loading parser:        0.242s
  Time for CFA construction:      1.097s
    Time for parsing file(s):     0.555s
    Time for AST to CFA:          0.345s
    Time for CFA sanity check:    0.000s
    Time for post-processing:     0.139s
      Time for function pointers resolving:            0.005s
        Function calls via function pointers:             0 (count: 1, min: 0, max: 0, avg: 0.00)
        Instrumented function pointer calls:              0 (count: 1, min: 0, max: 0, avg: 0.00)
        Function calls with function pointer arguments:        0 (count: 1, min: 0, max: 0, avg: 0.00)
        Instrumented function pointer arguments:          0 (count: 1, min: 0, max: 0, avg: 0.00)
      Time for classifying variables:                  0.079s
        Time for collecting variables:                 0.046s
        Time for solving dependencies:                 0.001s
        Time for building hierarchy:                   0.000s
        Time for building classification:              0.032s
        Time for exporting data:                       0.000s
Time for Analysis:                0.431s
CPU time for analysis:            0.430s
Time for analyzing result:        0.001s
Total time for CPAchecker:        2.452s
Total CPU time for CPAchecker:    2.450s
Time for statistics:              0.087s

Time for Garbage Collector:       0.056s (in 9 runs)
Garbage Collector(s) used:    Copy, MarkSweepCompact

Verification result: TRUE. No property violation found by chosen configuration.
More details about the verification run can be found in the directory "./output".
