scripts/cpa.sh -heap 4096M -benchmark -timelimit 300s -config ./config/myAnalysis-concurrent-interrupt-benchmark-goblint-regression-all-points.properties -stats -spec test/unreach-call.prp -32 test/svcomp-benchmarks/goblint-regression_interrupt/goblint-regression_interrupt/svp_simple_696_001.i


--------------------------------------------------------------------------------


Running CPAchecker with Java heap of size 4096M.
Running CPAchecker with default stack size (1024k). Specify a larger value with -stack if needed.
Language C detected and set for analysis (CPAMain.detectFrontendLanguageIfNecessary, INFO)

Using the following resource limits: CPU-time limit of 300s (ResourceLimitChecker.fromConfiguration, INFO)

CPAchecker 2.0 / myAnalysis-concurrent-interrupt-benchmark-goblint-regression-all-points (Java HotSpot(TM) 64-Bit Server VM 11.0.8) started (CPAchecker.run, INFO)

Parsing CFA from file(s) "test/svcomp-benchmarks/goblint-regression_interrupt/goblint-regression_interrupt/svp_simple_696_001.i" (CPAchecker.parse, INFO)

Building Constrained Dependency Graph ... (EdgeInfo.<init>, INFO)

Using unsound approximation of ints with unbounded integers and floats with rationals for encoding program semantics. (FormulaManagerView.<init>, WARNING)

The following configuration options were specified but are not used:
 cpa.threadingintp.maxInterruptLevel
 cpa.por.pcdpor.depComputationStateType
 cpa.locations.useIncClonedFunc 
 (CPAchecker.printConfigurationWarnings, WARNING)

Starting analysis ... (CPAchecker.runAlgorithm, INFO)

========================== Verify Result ===========================
explored states: 62
reached set size: 63
total time: 98 ms
Race times:
 
[31m=========================== Conflicts checked =============================
The total number of conflicts is0
RWR conflicts have 0
WRW conflicts have 0
RWW conflicts have 0
WWR conflicts have 0
[0m=========================== 详细状态如下 =============================
 raceRWRSet:
[]
 raceWRWSet:
[]
 raceRWWSet:
[]
 raceWWRSet:
[]
=========================== Predicates =============================
====================================================================
Stopping analysis ... (CPAchecker.runAlgorithm, INFO)


BDDCPA statistics
-----------------
Number of boolean vars:           0 (of 1)
Number of intEqual vars:          4 (of 4)
Number of intAdd vars:            0 (of 0)
Number of all vars:               4
Number of intBool partitions:     1
Number of intEq partitions:       1
Number of intAdd partitions:      0
Number of all partitions:         2
Number of named predicates:          448
Number of BDD nodes:                               1152
Size of BDD node table:                            207593
Size of BDD cache:                                 20759
Size of BDD node cleanup queue:                    0.00 (sum: 0, count: 800, min: 0, max: 0)
Time for BDD node cleanup:                             0.005s
Time for BDD garbage collection:                       0.000s (in 0 runs)

DataAccessCPA statistics
------------------------
[32mtime for TransferRelation:[0m      [33m    0.010s[0m

AutomatonAnalysis (SVCOMP) statistics
-------------------------------------
Number of states:                                  1
Total time for successor computation:                  0.014s
Automaton transfers with branching:                0
Automaton transfer successors:                     1.00 (sum: 59, count: 59, min: 1, max: 1) [1 x 59]
Number of states with assumption transitions:      0

Constrained Dependency Graph statistics
---------------------------------------
Time for building the nodes of conditional dependence graph:     0.071s
Time for building conditional dependence graph:        0.177s
  Number of dependent node:                               5 (count: 1, min: 5, max: 5, avg: 5.00)
  Number of dependent node pairs:                         9
  Number of un-conditional dependent node pairs:          9
  Number of block:                                        5
  Size of block:                                          5 (sum: 5, min: 1, max: 1, avg: 1.00)

CPA algorithm statistics
------------------------
Number of iterations:            61
Max size of waitlist:            2
Average size of waitlist:        1
ThreadingSortedWaitlist:                           47.00 (sum: 47, count: 1, min: 47, max: 47)
CallstackSortedWaitlist:                           2.36 (sum: 33, count: 14, min: 0, max: 17)
Number of computed successors:   62
Max successors for one state:    2
Number of times merged:          0
Number of times stopped:         0
Number of times breaked:         1

Total time for CPA algorithm:         0.098s (Max:     0.098s)
  Time for choose from waitlist:      0.002s
  Time for precision adjustment:      0.005s
  Time for transfer relation:         0.080s
  Time for stop operator:             0.006s
  Time for adding to reached set:     0.003s

CPAchecker general statistics
-----------------------------
Number of program locations:                       38
Number of CFA edges (per node):                          38 (count: 38, min: 0, max: 2, avg: 1.00)
Number of relevant variables:                      4
Number of functions:                               4
Number of loops (and loop nodes):                         0 (sum: 0, min: 0, max: 0, avg: 0.00)
Size of reached set:             63
  Number of partitions:          51
    Avg size of partitions:      1
    Max size of partitions:      3 (with key [{svp_simple_696_001_main=N26 (before line 100) Function svp_simple_696_001_main called from node N22, stack depth 1 [7cf162bc], stack [svp_simple_696_001_main] @@ -2147483648 @@ 0}])
  Number of target states:       1
  Size of final wait list:       2

Time for analysis setup:          1.645s
  Time for loading CPAs:          0.331s
  Time for loading parser:        0.238s
  Time for CFA construction:      0.756s
    Time for parsing file(s):     0.468s
    Time for AST to CFA:          0.157s
    Time for CFA sanity check:    0.001s
    Time for post-processing:     0.087s
      Time for function pointers resolving:            0.004s
        Function calls via function pointers:             0 (count: 1, min: 0, max: 0, avg: 0.00)
        Instrumented function pointer calls:              0 (count: 1, min: 0, max: 0, avg: 0.00)
        Function calls with function pointer arguments:        0 (count: 1, min: 0, max: 0, avg: 0.00)
        Instrumented function pointer arguments:          0 (count: 1, min: 0, max: 0, avg: 0.00)
      Time for classifying variables:                  0.040s
        Time for collecting variables:                 0.021s
        Time for solving dependencies:                 0.000s
        Time for building hierarchy:                   0.000s
        Time for building classification:              0.019s
        Time for exporting data:                       0.000s
Time for Analysis:                0.126s
CPU time for analysis:            0.130s
Time for analyzing result:        0.001s
Total time for CPAchecker:        1.771s
Total CPU time for CPAchecker:    1.770s
Time for statistics:              0.081s

Time for Garbage Collector:       0.043s (in 6 runs)
Garbage Collector(s) used:    Copy, MarkSweepCompact

Verification result: FALSE. Property violation (unreach-call: reach_error(); called in line 77) found by chosen configuration.
More details about the verification run can be found in the directory "./output".
