scripts/cpa.sh -heap 4096M -benchmark -timelimit 300s -config ./config/myAnalysis-concurrent-interrupt-benchmark-goblint-regression-all-points.properties -stats -spec test/unreach-call.prp -32 test/svcomp-benchmarks/goblint-regression_interrupt/goblint-regression_interrupt/svp_simple_521_001.i


--------------------------------------------------------------------------------


Running CPAchecker with Java heap of size 4096M.
Running CPAchecker with default stack size (1024k). Specify a larger value with -stack if needed.
Language C detected and set for analysis (CPAMain.detectFrontendLanguageIfNecessary, INFO)

Using the following resource limits: CPU-time limit of 300s (ResourceLimitChecker.fromConfiguration, INFO)

CPAchecker 2.0 / myAnalysis-concurrent-interrupt-benchmark-goblint-regression-all-points (Java HotSpot(TM) 64-Bit Server VM 11.0.8) started (CPAchecker.run, INFO)

Parsing CFA from file(s) "test/svcomp-benchmarks/goblint-regression_interrupt/goblint-regression_interrupt/svp_simple_521_001.i" (CPAchecker.parse, INFO)

Building Constrained Dependency Graph ... (EdgeInfo.<init>, INFO)

Using unsound approximation of ints with unbounded integers and floats with rationals for encoding program semantics. (FormulaManagerView.<init>, WARNING)

The following configuration options were specified but are not used:
 cpa.threadingintp.maxInterruptLevel
 cpa.por.pcdpor.depComputationStateType
 cpa.locations.useIncClonedFunc 
 (CPAchecker.printConfigurationWarnings, WARNING)

Starting analysis ... (CPAchecker.runAlgorithm, INFO)

========================== Verify Result ===========================
explored states: 631
reached set size: 632
total time: 422 ms
Race times:
 
[31m=========================== Conflicts checked =============================
The total number of conflicts is1
RWR conflicts have 1
WRW conflicts have 0
RWW conflicts have 0
WWR conflicts have 0
[0m=========================== 详细状态如下 =============================
 raceRWRSet:
[
glob:(glob,svp_simple_521_001_main, '783, 'R)
                               (glob,svp_simple_521_001_isr_1, '767, 'W)
                               (glob,svp_simple_521_001_main, '783, 'R)
}]
 raceWRWSet:
[]
 raceRWWSet:
[]
 raceWWRSet:
[]
=========================== Predicates =============================
====================================================================
Stopping analysis ... (CPAchecker.runAlgorithm, INFO)


BDDCPA statistics
-----------------
Number of boolean vars:           1 (of 2)
Number of intEqual vars:          0 (of 0)
Number of intAdd vars:            6 (of 6)
Number of all vars:               7
Number of intBool partitions:     2
Number of intEq partitions:       0
Number of intAdd partitions:      2
Number of all partitions:         8
Number of named predicates:          1280
Number of BDD nodes:                               34423
Size of BDD node table:                            207593
Size of BDD cache:                                 20759
Size of BDD node cleanup queue:                    0.10 (sum: 6048, count: 61884, min: 0, max: 6048)
Time for BDD node cleanup:                             0.013s
Time for BDD garbage collection:                       0.000s (in 0 runs)

DataAccessCPA statistics
------------------------
[32mtime for TransferRelation:[0m      [33m    0.034s[0m

AutomatonAnalysis (SVCOMP) statistics
-------------------------------------
Number of states:                                  1
Total time for successor computation:                  0.026s
Automaton transfers with branching:                0
Automaton transfer successors:                     1.00 (sum: 602, count: 602, min: 1, max: 1) [1 x 602]
Number of states with assumption transitions:      0

Constrained Dependency Graph statistics
---------------------------------------
Time for building the nodes of conditional dependence graph:     0.060s
Time for building conditional dependence graph:        0.168s
  Number of dependent node:                               5 (count: 1, min: 5, max: 5, avg: 5.00)
  Number of dependent node pairs:                        12
  Number of un-conditional dependent node pairs:         12
  Number of block:                                        5
  Size of block:                                          5 (sum: 5, min: 1, max: 1, avg: 1.00)

CPA algorithm statistics
------------------------
Number of iterations:            632
Max size of waitlist:            4
Average size of waitlist:        2
ThreadingSortedWaitlist:                           436.00 (sum: 436, count: 1, min: 436, max: 436)
CallstackSortedWaitlist:                           2.22 (sum: 436, count: 196, min: 0, max: 247)
Number of computed successors:   631
Max successors for one state:    4
Number of times merged:          0
Number of times stopped:         0
Number of times breaked:         0

Total time for CPA algorithm:         0.421s (Max:     0.421s)
  Time for choose from waitlist:      0.013s
  Time for precision adjustment:      0.014s
  Time for transfer relation:         0.324s
  Time for stop operator:             0.033s
  Time for adding to reached set:     0.012s

CPAchecker general statistics
-----------------------------
Number of program locations:                       210
Number of CFA edges (per node):                         211 (count: 210, min: 0, max: 2, avg: 1.00)
Number of relevant variables:                      1
Number of functions:                               2
Number of loops (and loop nodes):                         0 (sum: 0, min: 0, max: 0, avg: 0.00)
Size of reached set:             632
  Number of partitions:          323
    Avg size of partitions:      1
    Max size of partitions:      30 (with key [{svp_simple_521_001_main=N26 (before line 786) Function svp_simple_521_001_main called from node N7, stack depth 1 [2afac2f7], stack [svp_simple_521_001_main] @@ -2147483648 @@ 0}])
  Number of target states:       0

Time for analysis setup:          1.824s
  Time for loading CPAs:          0.370s
  Time for loading parser:        0.242s
  Time for CFA construction:      0.911s
    Time for parsing file(s):     0.524s
    Time for AST to CFA:          0.241s
    Time for CFA sanity check:    0.001s
    Time for post-processing:     0.099s
      Time for function pointers resolving:            0.003s
        Function calls via function pointers:             0 (count: 1, min: 0, max: 0, avg: 0.00)
        Instrumented function pointer calls:              0 (count: 1, min: 0, max: 0, avg: 0.00)
        Function calls with function pointer arguments:        0 (count: 1, min: 0, max: 0, avg: 0.00)
        Instrumented function pointer arguments:          0 (count: 1, min: 0, max: 0, avg: 0.00)
      Time for classifying variables:                  0.036s
        Time for collecting variables:                 0.012s
        Time for solving dependencies:                 0.000s
        Time for building hierarchy:                   0.000s
        Time for building classification:              0.024s
        Time for exporting data:                       0.000s
Time for Analysis:                0.441s
CPU time for analysis:            0.430s
Time for analyzing result:        0.001s
Total time for CPAchecker:        2.272s
Total CPU time for CPAchecker:    2.270s
Time for statistics:              0.090s

Time for Garbage Collector:       0.061s (in 9 runs)
Garbage Collector(s) used:    Copy, MarkSweepCompact

Verification result: TRUE. No property violation found by chosen configuration.
More details about the verification run can be found in the directory "./output".
