scripts/cpa.sh -heap 4096M -benchmark -timelimit 300s -config ./config/myAnalysis-concurrent-interrupt-benchmark-goblint-regression-all-points.properties -stats -spec test/unreach-call.prp -32 test/svcomp-benchmarks/goblint-regression_interrupt/goblint-regression_interrupt/svp_simple_600_001.i


--------------------------------------------------------------------------------


Running CPAchecker with Java heap of size 4096M.
Running CPAchecker with default stack size (1024k). Specify a larger value with -stack if needed.
Language C detected and set for analysis (CPAMain.detectFrontendLanguageIfNecessary, INFO)

Using the following resource limits: CPU-time limit of 300s (ResourceLimitChecker.fromConfiguration, INFO)

CPAchecker 2.0 / myAnalysis-concurrent-interrupt-benchmark-goblint-regression-all-points (Java HotSpot(TM) 64-Bit Server VM 11.0.8) started (CPAchecker.run, INFO)

Parsing CFA from file(s) "test/svcomp-benchmarks/goblint-regression_interrupt/goblint-regression_interrupt/svp_simple_600_001.i" (CPAchecker.parse, INFO)

Building Constrained Dependency Graph ... (EdgeInfo.<init>, INFO)

Using unsound approximation of ints with unbounded integers and floats with rationals for encoding program semantics. (FormulaManagerView.<init>, WARNING)

The following configuration options were specified but are not used:
 cpa.threadingintp.maxInterruptLevel
 cpa.por.pcdpor.depComputationStateType
 cpa.locations.useIncClonedFunc 
 (CPAchecker.printConfigurationWarnings, WARNING)

Starting analysis ... (CPAchecker.runAlgorithm, INFO)

========================== Verify Result ===========================
explored states: 49
reached set size: 50
total time: 117 ms
Race times:
 
[31m=========================== Conflicts checked =============================
The total number of conflicts is1
RWR conflicts have 1
WRW conflicts have 0
RWW conflicts have 0
WWR conflicts have 0
[0m=========================== 详细状态如下 =============================
 raceRWRSet:
[
glob1:(glob1,svp_simple_600_001_main, '99, 'R)
                               (glob1,svp_simple_600_001_isr_1, '92, 'W)
                               (glob1,svp_simple_600_001_main, '102, 'R)
}]
 raceWRWSet:
[]
 raceRWWSet:
[]
 raceWWRSet:
[]
=========================== Predicates =============================
====================================================================
Stopping analysis ... (CPAchecker.runAlgorithm, INFO)


BDDCPA statistics
-----------------
Number of boolean vars:           0 (of 1)
Number of intEqual vars:          0 (of 0)
Number of intAdd vars:            5 (of 5)
Number of all vars:               5
Number of intBool partitions:     1
Number of intEq partitions:       0
Number of intAdd partitions:      1
Number of all partitions:         2
Number of named predicates:          512
Number of BDD nodes:                               12218
Size of BDD node table:                            207593
Size of BDD cache:                                 20759
Size of BDD node cleanup queue:                    0.00 (sum: 0, count: 3751, min: 0, max: 0)
Time for BDD node cleanup:                             0.003s
Time for BDD garbage collection:                       0.000s (in 0 runs)

DataAccessCPA statistics
------------------------
[32mtime for TransferRelation:[0m      [33m    0.015s[0m

AutomatonAnalysis (SVCOMP) statistics
-------------------------------------
Number of states:                                  1
Total time for successor computation:                  0.005s
Automaton transfers with branching:                0
Automaton transfer successors:                     1.00 (sum: 48, count: 48, min: 1, max: 1) [1 x 48]
Number of states with assumption transitions:      0

Constrained Dependency Graph statistics
---------------------------------------
Time for building the nodes of conditional dependence graph:     0.057s
Time for building conditional dependence graph:        0.201s
  Number of dependent node:                              11 (count: 1, min: 11, max: 11, avg: 11.00)
  Number of dependent node pairs:                        45
  Number of un-conditional dependent node pairs:         45
  Number of block:                                       11
  Size of block:                                         11 (sum: 11, min: 1, max: 1, avg: 1.00)

CPA algorithm statistics
------------------------
Number of iterations:            46
Max size of waitlist:            5
Average size of waitlist:        3
ThreadingSortedWaitlist:                           34.00 (sum: 34, count: 1, min: 34, max: 34)
CallstackSortedWaitlist:                           0.00 (sum: 0, count: 12, min: 0, max: 0)
Number of computed successors:   49
Max successors for one state:    2
Number of times merged:          0
Number of times stopped:         0
Number of times breaked:         1

Total time for CPA algorithm:         0.117s (Max:     0.117s)
  Time for choose from waitlist:      0.000s
  Time for precision adjustment:      0.004s
  Time for transfer relation:         0.108s
  Time for stop operator:             0.000s
  Time for adding to reached set:     0.002s

CPAchecker general statistics
-----------------------------
Number of program locations:                       45
Number of CFA edges (per node):                          47 (count: 45, min: 0, max: 4, avg: 1.04)
Number of relevant variables:                      3
Number of functions:                               4
Number of loops (and loop nodes):                         0 (sum: 0, min: 0, max: 0, avg: 0.00)
Size of reached set:             50
  Number of partitions:          48
    Avg size of partitions:      1
    Max size of partitions:      2 (with key [{svp_simple_600_001_isr_1=N10 (before line 77) Function __VERIFIER_assert called from node N20, stack depth 2 [6b2e46af], stack [svp_simple_600_001_isr_1, __VERIFIER_assert] @@ 1 @@ 1, svp_simple_600_001_main=N9 (entry of function __VERIFIER_assert in line 77) Function __VERIFIER_assert called from node N27, stack depth 2 [7ff35a3f], stack [svp_simple_600_001_main, __VERIFIER_assert] @@ -2147483648 @@ 0}])
  Number of target states:       1
  Size of final wait list:       4

Time for analysis setup:          1.558s
  Time for loading CPAs:          0.326s
  Time for loading parser:        0.243s
  Time for CFA construction:      0.656s
    Time for parsing file(s):     0.364s
    Time for AST to CFA:          0.158s
    Time for CFA sanity check:    0.000s
    Time for post-processing:     0.091s
      Time for function pointers resolving:            0.003s
        Function calls via function pointers:             0 (count: 1, min: 0, max: 0, avg: 0.00)
        Instrumented function pointer calls:              0 (count: 1, min: 0, max: 0, avg: 0.00)
        Function calls with function pointer arguments:        0 (count: 1, min: 0, max: 0, avg: 0.00)
        Instrumented function pointer arguments:          0 (count: 1, min: 0, max: 0, avg: 0.00)
      Time for classifying variables:                  0.038s
        Time for collecting variables:                 0.010s
        Time for solving dependencies:                 0.000s
        Time for building hierarchy:                   0.000s
        Time for building classification:              0.028s
        Time for exporting data:                       0.000s
Time for Analysis:                0.154s
CPU time for analysis:            0.150s
Time for analyzing result:        0.001s
Total time for CPAchecker:        1.712s
Total CPU time for CPAchecker:    1.710s
Time for statistics:              0.068s

Time for Garbage Collector:       0.048s (in 7 runs)
Garbage Collector(s) used:    Copy, MarkSweepCompact

Verification result: FALSE. Property violation (unreach-call: reach_error(); called in line 77) found by chosen configuration.
More details about the verification run can be found in the directory "./output".
