scripts/cpa.sh -heap 4096M -benchmark -timelimit 300s -config ./config/myAnalysis-concurrent-interrupt-benchmark-goblint-regression-all-points.properties -stats -spec test/unreach-call.prp -32 test/svcomp-benchmarks/goblint-regression_interrupt/goblint-regression_interrupt/svp_simple_603_001.i


--------------------------------------------------------------------------------


Running CPAchecker with Java heap of size 4096M.
Running CPAchecker with default stack size (1024k). Specify a larger value with -stack if needed.
Language C detected and set for analysis (CPAMain.detectFrontendLanguageIfNecessary, INFO)

Using the following resource limits: CPU-time limit of 300s (ResourceLimitChecker.fromConfiguration, INFO)

CPAchecker 2.0 / myAnalysis-concurrent-interrupt-benchmark-goblint-regression-all-points (Java HotSpot(TM) 64-Bit Server VM 11.0.8) started (CPAchecker.run, INFO)

Parsing CFA from file(s) "test/svcomp-benchmarks/goblint-regression_interrupt/goblint-regression_interrupt/svp_simple_603_001.i" (CPAchecker.parse, INFO)

Building Constrained Dependency Graph ... (EdgeInfo.<init>, INFO)

Using unsound approximation of ints with unbounded integers and floats with rationals for encoding program semantics. (FormulaManagerView.<init>, WARNING)

The following configuration options were specified but are not used:
 cpa.threadingintp.maxInterruptLevel
 cpa.por.pcdpor.depComputationStateType
 cpa.locations.useIncClonedFunc 
 (CPAchecker.printConfigurationWarnings, WARNING)

Starting analysis ... (CPAchecker.runAlgorithm, INFO)

========================== Verify Result ===========================
explored states: 164
reached set size: 165
total time: 170 ms
Race times:
 
[31m=========================== Conflicts checked =============================
The total number of conflicts is1
RWR conflicts have 1
WRW conflicts have 0
RWW conflicts have 0
WWR conflicts have 0
[0m=========================== 详细状态如下 =============================
 raceRWRSet:
[
glob1:(glob1,svp_simple_603_001_main, '104, 'R)
                               (glob1,svp_simple_603_001_isr_1, '96, 'W)
                               (glob1,svp_simple_603_001_main, '107, 'R)
}]
 raceWRWSet:
[]
 raceRWWSet:
[]
 raceWWRSet:
[]
=========================== Predicates =============================
====================================================================
Stopping analysis ... (CPAchecker.runAlgorithm, INFO)


BDDCPA statistics
-----------------
Number of boolean vars:           0 (of 1)
Number of intEqual vars:          3 (of 3)
Number of intAdd vars:            0 (of 0)
Number of all vars:               3
Number of intBool partitions:     1
Number of intEq partitions:       1
Number of intAdd partitions:      0
Number of all partitions:         2
Number of named predicates:          384
Number of BDD nodes:                               3131
Size of BDD node table:                            207593
Size of BDD cache:                                 20759
Size of BDD node cleanup queue:                    0.00 (sum: 0, count: 1293, min: 0, max: 0)
Time for BDD node cleanup:                             0.004s
Time for BDD garbage collection:                       0.000s (in 0 runs)

DataAccessCPA statistics
------------------------
[32mtime for TransferRelation:[0m      [33m    0.016s[0m

AutomatonAnalysis (SVCOMP) statistics
-------------------------------------
Number of states:                                  1
Total time for successor computation:                  0.006s
Automaton transfers with branching:                0
Automaton transfer successors:                     1.00 (sum: 158, count: 158, min: 1, max: 1) [1 x 158]
Number of states with assumption transitions:      0

Constrained Dependency Graph statistics
---------------------------------------
Time for building the nodes of conditional dependence graph:     0.057s
Time for building conditional dependence graph:        0.183s
  Number of dependent node:                               6 (count: 1, min: 6, max: 6, avg: 6.00)
  Number of dependent node pairs:                        15
  Number of un-conditional dependent node pairs:         15
  Number of block:                                        6
  Size of block:                                          6 (sum: 6, min: 1, max: 1, avg: 1.00)

CPA algorithm statistics
------------------------
Number of iterations:            165
Max size of waitlist:            3
Average size of waitlist:        2
ThreadingSortedWaitlist:                           142.00 (sum: 142, count: 1, min: 142, max: 142)
CallstackSortedWaitlist:                           6.17 (sum: 142, count: 23, min: 0, max: 32)
Number of computed successors:   164
Max successors for one state:    2
Number of times merged:          0
Number of times stopped:         0
Number of times breaked:         0

Total time for CPA algorithm:         0.170s (Max:     0.170s)
  Time for choose from waitlist:      0.001s
  Time for precision adjustment:      0.003s
  Time for transfer relation:         0.140s
  Time for stop operator:             0.010s
  Time for adding to reached set:     0.003s

CPAchecker general statistics
-----------------------------
Number of program locations:                       41
Number of CFA edges (per node):                          42 (count: 41, min: 0, max: 2, avg: 1.02)
Number of relevant variables:                      3
Number of functions:                               4
Number of loops (and loop nodes):                         0 (sum: 0, min: 0, max: 0, avg: 0.00)
Size of reached set:             165
  Number of partitions:          83
    Avg size of partitions:      1
    Max size of partitions:      13 (with key [{svp_simple_603_001_main=N30 (before line 110) Function svp_simple_603_001_main called from node N27, stack depth 1 [35dd9ed3], stack [svp_simple_603_001_main] @@ -2147483648 @@ 0}])
  Number of target states:       0

Time for analysis setup:          1.543s
  Time for loading CPAs:          0.327s
  Time for loading parser:        0.248s
  Time for CFA construction:      0.655s
    Time for parsing file(s):     0.377s
    Time for AST to CFA:          0.151s
    Time for CFA sanity check:    0.000s
    Time for post-processing:     0.092s
      Time for function pointers resolving:            0.009s
        Function calls via function pointers:             0 (count: 1, min: 0, max: 0, avg: 0.00)
        Instrumented function pointer calls:              0 (count: 1, min: 0, max: 0, avg: 0.00)
        Function calls with function pointer arguments:        0 (count: 1, min: 0, max: 0, avg: 0.00)
        Instrumented function pointer arguments:          0 (count: 1, min: 0, max: 0, avg: 0.00)
      Time for classifying variables:                  0.048s
        Time for collecting variables:                 0.030s
        Time for solving dependencies:                 0.000s
        Time for building hierarchy:                   0.000s
        Time for building classification:              0.015s
        Time for exporting data:                       0.003s
Time for Analysis:                0.213s
CPU time for analysis:            0.220s
Time for analyzing result:        0.001s
Total time for CPAchecker:        1.758s
Total CPU time for CPAchecker:    1.760s
Time for statistics:              0.074s

Time for Garbage Collector:       0.048s (in 7 runs)
Garbage Collector(s) used:    Copy, MarkSweepCompact

Verification result: TRUE. No property violation found by chosen configuration.
More details about the verification run can be found in the directory "./output".
