scripts/cpa.sh -heap 4096M -benchmark -timelimit 300s -config ./config/myAnalysis-concurrent-interrupt-benchmark-goblint-regression-all-points.properties -stats -spec test/unreach-call.prp -32 test/svcomp-benchmarks/goblint-regression_interrupt/goblint-regression_interrupt/svp_simple_701_001.i


--------------------------------------------------------------------------------


Running CPAchecker with Java heap of size 4096M.
Running CPAchecker with default stack size (1024k). Specify a larger value with -stack if needed.
Language C detected and set for analysis (CPAMain.detectFrontendLanguageIfNecessary, INFO)

Using the following resource limits: CPU-time limit of 300s (ResourceLimitChecker.fromConfiguration, INFO)

CPAchecker 2.0 / myAnalysis-concurrent-interrupt-benchmark-goblint-regression-all-points (Java HotSpot(TM) 64-Bit Server VM 11.0.8) started (CPAchecker.run, INFO)

Parsing CFA from file(s) "test/svcomp-benchmarks/goblint-regression_interrupt/goblint-regression_interrupt/svp_simple_701_001.i" (CPAchecker.parse, INFO)

Building Constrained Dependency Graph ... (EdgeInfo.<init>, INFO)

Using unsound approximation of ints with unbounded integers and floats with rationals for encoding program semantics. (FormulaManagerView.<init>, WARNING)

The following configuration options were specified but are not used:
 cpa.threadingintp.maxInterruptLevel
 cpa.por.pcdpor.depComputationStateType
 cpa.locations.useIncClonedFunc 
 (CPAchecker.printConfigurationWarnings, WARNING)

Starting analysis ... (CPAchecker.runAlgorithm, INFO)

========================== Verify Result ===========================
explored states: 280
reached set size: 281
total time: 343 ms
Race times:
 
[31m=========================== Conflicts checked =============================
The total number of conflicts is1
RWR conflicts have 0
WRW conflicts have 1
RWW conflicts have 0
WWR conflicts have 0
[0m=========================== 详细状态如下 =============================
 raceRWRSet:
[]
 raceWRWSet:
[
i:(i,svp_simple_701_001_main, '120, 'W)
                               (i,svp_simple_701_001_isr_1, '104, 'R)
                               (i,svp_simple_701_001_main, '129, 'W)
}]
 raceRWWSet:
[]
 raceWWRSet:
[]
=========================== Predicates =============================
====================================================================
Stopping analysis ... (CPAchecker.runAlgorithm, INFO)


BDDCPA statistics
-----------------
Number of boolean vars:           0 (of 1)
Number of intEqual vars:          0 (of 0)
Number of intAdd vars:            8 (of 8)
Number of all vars:               8
Number of intBool partitions:     1
Number of intEq partitions:       0
Number of intAdd partitions:      1
Number of all partitions:         2
Number of named predicates:          704
Number of BDD nodes:                               43755
Size of BDD node table:                            207593
Size of BDD cache:                                 20759
Size of BDD node cleanup queue:                    0.32 (sum: 8217, count: 25481, min: 0, max: 8217)
Time for BDD node cleanup:                             0.008s
Time for BDD garbage collection:                       0.000s (in 0 runs)

DataAccessCPA statistics
------------------------
[32mtime for TransferRelation:[0m      [33m    0.039s[0m

AutomatonAnalysis (SVCOMP) statistics
-------------------------------------
Number of states:                                  1
Total time for successor computation:                  0.022s
Automaton transfers with branching:                0
Automaton transfer successors:                     1.00 (sum: 274, count: 274, min: 1, max: 1) [1 x 274]
Number of states with assumption transitions:      0

Constrained Dependency Graph statistics
---------------------------------------
Time for building the nodes of conditional dependence graph:     0.071s
Time for building conditional dependence graph:        0.190s
  Number of dependent node:                              12 (count: 1, min: 12, max: 12, avg: 12.00)
  Number of dependent node pairs:                        28
  Number of un-conditional dependent node pairs:         28
  Number of block:                                       12
  Size of block:                                         12 (sum: 12, min: 1, max: 1, avg: 1.00)

CPA algorithm statistics
------------------------
Number of iterations:            278
Max size of waitlist:            5
Average size of waitlist:        2
ThreadingSortedWaitlist:                           259.00 (sum: 259, count: 1, min: 259, max: 259)
CallstackSortedWaitlist:                           11.42 (sum: 217, count: 19, min: 0, max: 77)
Number of computed successors:   280
Max successors for one state:    4
Number of times merged:          0
Number of times stopped:         0
Number of times breaked:         1

Total time for CPA algorithm:         0.343s (Max:     0.343s)
  Time for choose from waitlist:      0.001s
  Time for precision adjustment:      0.010s
  Time for transfer relation:         0.296s
  Time for stop operator:             0.022s
  Time for adding to reached set:     0.010s

CPAchecker general statistics
-----------------------------
Number of program locations:                       58
Number of CFA edges (per node):                          61 (count: 58, min: 0, max: 3, avg: 1.05)
Number of relevant variables:                      8
Number of functions:                               4
Number of loops (and loop nodes):                         0 (sum: 0, min: 0, max: 0, avg: 0.00)
Size of reached set:             281
  Number of partitions:          208
    Avg size of partitions:      1
    Max size of partitions:      15 (with key [{svp_simple_701_001_main=N39 (before line 132) Function svp_simple_701_001_main called from node N35, stack depth 1 [63e648a0], stack [svp_simple_701_001_main] @@ -2147483648 @@ 0}])
  Number of target states:       1
  Size of final wait list:       3

Time for analysis setup:          1.604s
  Time for loading CPAs:          0.353s
  Time for loading parser:        0.237s
  Time for CFA construction:      0.677s
    Time for parsing file(s):     0.370s
    Time for AST to CFA:          0.160s
    Time for CFA sanity check:    0.000s
    Time for post-processing:     0.095s
      Time for function pointers resolving:            0.003s
        Function calls via function pointers:             0 (count: 1, min: 0, max: 0, avg: 0.00)
        Instrumented function pointer calls:              0 (count: 1, min: 0, max: 0, avg: 0.00)
        Function calls with function pointer arguments:        0 (count: 1, min: 0, max: 0, avg: 0.00)
        Instrumented function pointer arguments:          0 (count: 1, min: 0, max: 0, avg: 0.00)
      Time for classifying variables:                  0.051s
        Time for collecting variables:                 0.018s
        Time for solving dependencies:                 0.012s
        Time for building hierarchy:                   0.000s
        Time for building classification:              0.021s
        Time for exporting data:                       0.000s
Time for Analysis:                0.353s
CPU time for analysis:            0.350s
Time for analyzing result:        0.002s
Total time for CPAchecker:        1.958s
Total CPU time for CPAchecker:    1.960s
Time for statistics:              0.072s

Time for Garbage Collector:       0.050s (in 7 runs)
Garbage Collector(s) used:    Copy, MarkSweepCompact

Verification result: FALSE. Property violation (unreach-call: reach_error(); called in line 77) found by chosen configuration.
More details about the verification run can be found in the directory "./output".
