scripts/cpa.sh -heap 4096M -benchmark -timelimit 300s -config ./config/myAnalysis-concurrent-interrupt-benchmark-goblint-regression.properties -stats -spec test/unreach-call.prp -32 test/svcomp-benchmarks/goblint-regression_interrupt/goblint-regression_interrupt/svp_simple_700_001.i


--------------------------------------------------------------------------------


Running CPAchecker with Java heap of size 4096M.
Running CPAchecker with default stack size (1024k). Specify a larger value with -stack if needed.
Language C detected and set for analysis (CPAMain.detectFrontendLanguageIfNecessary, INFO)

Using the following resource limits: CPU-time limit of 300s (ResourceLimitChecker.fromConfiguration, INFO)

CPAchecker 2.0 / myAnalysis-concurrent-interrupt-benchmark-goblint-regression (Java HotSpot(TM) 64-Bit Server VM 11.0.8) started (CPAchecker.run, INFO)

Parsing CFA from file(s) "test/svcomp-benchmarks/goblint-regression_interrupt/goblint-regression_interrupt/svp_simple_700_001.i" (CPAchecker.parse, INFO)

Building Constrained Dependency Graph ... (EdgeInfo.<init>, INFO)

Using unsound approximation of ints with unbounded integers and floats with rationals for encoding program semantics. (FormulaManagerView.<init>, WARNING)

The following configuration options were specified but are not used:
 cpa.threadingintp.maxInterruptLevel
 cpa.por.pcdpor.depComputationStateType
 cpa.locations.useIncClonedFunc 
 (CPAchecker.printConfigurationWarnings, WARNING)

Starting analysis ... (CPAchecker.runAlgorithm, INFO)

========================== Verify Result ===========================
explored states: 87
reached set size: 88
total time: 149 ms
Race times:
 
[31m=========================== Conflicts checked =============================
The total number of conflicts is0
RWR conflicts have 0
WRW conflicts have 0
RWW conflicts have 0
WWR conflicts have 0
[0m=========================== 详细状态如下 =============================
 raceRWRSet:
[]
 raceWRWSet:
[]
 raceRWWSet:
[]
 raceWWRSet:
[]
=========================== Predicates =============================
====================================================================
Stopping analysis ... (CPAchecker.runAlgorithm, INFO)


BDDCPA statistics
-----------------
Number of boolean vars:           0 (of 1)
Number of intEqual vars:          0 (of 0)
Number of intAdd vars:            10 (of 10)
Number of all vars:               10
Number of intBool partitions:     1
Number of intEq partitions:       0
Number of intAdd partitions:      1
Number of all partitions:         2
Number of named predicates:          832
Number of BDD nodes:                               36156
Size of BDD node table:                            207593
Size of BDD cache:                                 20759
Size of BDD node cleanup queue:                    0.00 (sum: 0, count: 5418, min: 0, max: 0)
Time for BDD node cleanup:                             0.002s
Time for BDD garbage collection:                       0.000s (in 0 runs)

DataAccessCPA statistics
------------------------
[32mtime for TransferRelation:[0m      [33m    0.016s[0m

AutomatonAnalysis (SVCOMP) statistics
-------------------------------------
Number of states:                                  1
Total time for successor computation:                  0.006s
Automaton transfers with branching:                0
Automaton transfer successors:                     1.00 (sum: 81, count: 81, min: 1, max: 1) [1 x 81]
Number of states with assumption transitions:      0

Constrained Dependency Graph statistics
---------------------------------------
Time for building the nodes of conditional dependence graph:     0.057s
Time for building conditional dependence graph:        0.199s
  Number of dependent node:                              11 (count: 1, min: 11, max: 11, avg: 11.00)
  Number of dependent node pairs:                        24
  Number of un-conditional dependent node pairs:         24
  Number of block:                                       11
  Size of block:                                         11 (sum: 11, min: 1, max: 1, avg: 1.00)

CPA algorithm statistics
------------------------
Number of iterations:            81
Max size of waitlist:            8
Average size of waitlist:        5
ThreadingSortedWaitlist:                           61.00 (sum: 61, count: 1, min: 61, max: 61)
CallstackSortedWaitlist:                           0.00 (sum: 0, count: 20, min: 0, max: 0)
Number of computed successors:   87
Max successors for one state:    4
Number of times merged:          0
Number of times stopped:         0
Number of times breaked:         1

Total time for CPA algorithm:         0.149s (Max:     0.149s)
  Time for choose from waitlist:      0.003s
  Time for precision adjustment:      0.008s
  Time for transfer relation:         0.131s
  Time for stop operator:             0.003s
  Time for adding to reached set:     0.002s

CPAchecker general statistics
-----------------------------
Number of program locations:                       70
Number of CFA edges (per node):                          71 (count: 70, min: 0, max: 4, avg: 1.01)
Number of relevant variables:                      10
Number of functions:                               6
Number of loops (and loop nodes):                         0 (sum: 0, min: 0, max: 0, avg: 0.00)
Size of reached set:             88
  Number of partitions:          76
    Avg size of partitions:      1
    Max size of partitions:      2 (with key [{svp_simple_700_001_isr_1=N21 (after line 90) Function svp_simple_700_001_isr_1 called from node N17, stack depth 1 [692dba54], stack [svp_simple_700_001_isr_1] @@ 1 @@ 1, svp_simple_700_001_main=N54 (before line 135) Function svp_simple_700_001_main called from node N47, stack depth 1 [4086d8fb], stack [svp_simple_700_001_main] @@ -2147483648 @@ 0}])
  Number of target states:       1
  Size of final wait list:       7

Time for analysis setup:          1.567s
  Time for loading CPAs:          0.312s
  Time for loading parser:        0.242s
  Time for CFA construction:      0.681s
    Time for parsing file(s):     0.372s
    Time for AST to CFA:          0.168s
    Time for CFA sanity check:    0.000s
    Time for post-processing:     0.091s
      Time for function pointers resolving:            0.005s
        Function calls via function pointers:             0 (count: 1, min: 0, max: 0, avg: 0.00)
        Instrumented function pointer calls:              0 (count: 1, min: 0, max: 0, avg: 0.00)
        Function calls with function pointer arguments:        0 (count: 1, min: 0, max: 0, avg: 0.00)
        Instrumented function pointer arguments:          0 (count: 1, min: 0, max: 0, avg: 0.00)
      Time for classifying variables:                  0.035s
        Time for collecting variables:                 0.011s
        Time for solving dependencies:                 0.000s
        Time for building hierarchy:                   0.000s
        Time for building classification:              0.024s
        Time for exporting data:                       0.000s
Time for Analysis:                0.160s
CPU time for analysis:            0.160s
Time for analyzing result:        0.001s
Total time for CPAchecker:        1.727s
Total CPU time for CPAchecker:    1.720s
Time for statistics:              0.089s

Time for Garbage Collector:       0.042s (in 6 runs)
Garbage Collector(s) used:    Copy, MarkSweepCompact

Verification result: FALSE. Property violation (unreach-call: reach_error(); called in line 77) found by chosen configuration.
More details about the verification run can be found in the directory "./output".
