scripts/cpa.sh -heap 4096M -benchmark -timelimit 300s -config ./config/myAnalysis-concurrent-interrupt-benchmark-goblint-regression.properties -stats -spec test/unreach-call.prp -32 test/svcomp-benchmarks/goblint-regression_interrupt/goblint-regression_interrupt/svp_simple_531_001.i


--------------------------------------------------------------------------------


Running CPAchecker with Java heap of size 4096M.
Running CPAchecker with default stack size (1024k). Specify a larger value with -stack if needed.
Language C detected and set for analysis (CPAMain.detectFrontendLanguageIfNecessary, INFO)

Using the following resource limits: CPU-time limit of 300s (ResourceLimitChecker.fromConfiguration, INFO)

CPAchecker 2.0 / myAnalysis-concurrent-interrupt-benchmark-goblint-regression (Java HotSpot(TM) 64-Bit Server VM 11.0.8) started (CPAchecker.run, INFO)

Parsing CFA from file(s) "test/svcomp-benchmarks/goblint-regression_interrupt/goblint-regression_interrupt/svp_simple_531_001.i" (CPAchecker.parse, INFO)

Building Constrained Dependency Graph ... (EdgeInfo.<init>, INFO)

Using unsound approximation of ints with unbounded integers and floats with rationals for encoding program semantics. (FormulaManagerView.<init>, WARNING)

The following configuration options were specified but are not used:
 cpa.threadingintp.maxInterruptLevel
 cpa.por.pcdpor.depComputationStateType
 cpa.locations.useIncClonedFunc 
 (CPAchecker.printConfigurationWarnings, WARNING)

Starting analysis ... (CPAchecker.runAlgorithm, INFO)

========================== Verify Result ===========================
explored states: 219
reached set size: 220
total time: 173 ms
Race times:
 
[31m=========================== Conflicts checked =============================
The total number of conflicts is0
RWR conflicts have 0
WRW conflicts have 0
RWW conflicts have 0
WWR conflicts have 0
[0m=========================== 详细状态如下 =============================
 raceRWRSet:
[]
 raceWRWSet:
[]
 raceRWWSet:
[]
 raceWWRSet:
[]
=========================== Predicates =============================
====================================================================
Stopping analysis ... (CPAchecker.runAlgorithm, INFO)


BDDCPA statistics
-----------------
Number of boolean vars:           1 (of 2)
Number of intEqual vars:          0 (of 0)
Number of intAdd vars:            2 (of 3)
Number of all vars:               3
Number of intBool partitions:     2
Number of intEq partitions:       0
Number of intAdd partitions:      1
Number of all partitions:         8
Number of named predicates:          1280
Number of BDD nodes:                               6949
Size of BDD node table:                            207593
Size of BDD cache:                                 20759
Size of BDD node cleanup queue:                    0.00 (sum: 0, count: 2157, min: 0, max: 0)
Time for BDD node cleanup:                             0.008s
Time for BDD garbage collection:                       0.000s (in 0 runs)

DataAccessCPA statistics
------------------------
[32mtime for TransferRelation:[0m      [33m    0.025s[0m

AutomatonAnalysis (SVCOMP) statistics
-------------------------------------
Number of states:                                  1
Total time for successor computation:                  0.002s
Automaton transfers with branching:                0
Automaton transfer successors:                     1.00 (sum: 217, count: 217, min: 1, max: 1) [1 x 217]
Number of states with assumption transitions:      0

Constrained Dependency Graph statistics
---------------------------------------
Time for building the nodes of conditional dependence graph:     0.017s
Time for building conditional dependence graph:        0.204s
  Number of dependent node:                               9 (count: 1, min: 9, max: 9, avg: 9.00)
  Number of dependent node pairs:                        20
  Number of un-conditional dependent node pairs:         20
  Number of block:                                        9
  Size of block:                                          9 (sum: 9, min: 1, max: 1, avg: 1.00)

CPA algorithm statistics
------------------------
Number of iterations:            220
Max size of waitlist:            3
Average size of waitlist:        1
ThreadingSortedWaitlist:                           23.00 (sum: 23, count: 1, min: 23, max: 23)
CallstackSortedWaitlist:                           0.12 (sum: 23, count: 197, min: 0, max: 19)
Number of computed successors:   219
Max successors for one state:    2
Number of times merged:          0
Number of times stopped:         0
Number of times breaked:         0

Total time for CPA algorithm:         0.173s (Max:     0.173s)
  Time for choose from waitlist:      0.009s
  Time for precision adjustment:      0.014s
  Time for transfer relation:         0.132s
  Time for stop operator:             0.002s
  Time for adding to reached set:     0.010s

CPAchecker general statistics
-----------------------------
Number of program locations:                       206
Number of CFA edges (per node):                         204 (count: 206, min: 0, max: 2, avg: 0.99)
Number of relevant variables:                      4
Number of functions:                               4
Number of loops (and loop nodes):                         0 (sum: 0, min: 0, max: 0, avg: 0.00)
Size of reached set:             220
  Number of partitions:          214
    Avg size of partitions:      1
    Max size of partitions:      3 (with key [{svp_simple_531_001_main=N22 (before line 768) Function svp_simple_531_001_main called from node N19, stack depth 1 [37e0292a], stack [svp_simple_531_001_main] @@ -2147483648 @@ 0}])
  Number of target states:       0

Time for analysis setup:          1.701s
  Time for loading CPAs:          0.325s
  Time for loading parser:        0.244s
  Time for CFA construction:      0.845s
    Time for parsing file(s):     0.417s
    Time for AST to CFA:          0.239s
    Time for CFA sanity check:    0.001s
    Time for post-processing:     0.144s
      Time for function pointers resolving:            0.063s
        Function calls via function pointers:             1 (count: 1, min: 1, max: 1, avg: 1.00)
        Instrumented function pointer calls:              1 (count: 1, min: 1, max: 1, avg: 1.00)
        Function calls with function pointer arguments:        0 (count: 1, min: 0, max: 0, avg: 0.00)
        Instrumented function pointer arguments:          0 (count: 1, min: 0, max: 0, avg: 0.00)
      Time for classifying variables:                  0.044s
        Time for collecting variables:                 0.017s
        Time for solving dependencies:                 0.005s
        Time for building hierarchy:                   0.000s
        Time for building classification:              0.022s
        Time for exporting data:                       0.000s
Time for Analysis:                0.196s
CPU time for analysis:            0.200s
Time for analyzing result:        0.001s
Total time for CPAchecker:        1.897s
Total CPU time for CPAchecker:    1.890s
Time for statistics:              0.090s

Time for Garbage Collector:       0.050s (in 7 runs)
Garbage Collector(s) used:    Copy, MarkSweepCompact

Verification result: TRUE. No property violation found by chosen configuration.
More details about the verification run can be found in the directory "./output".
