scripts/cpa.sh -heap 4096M -benchmark -timelimit 300s -config ./config/myAnalysis-concurrent-interrupt-benchmark-goblint-regression.properties -stats -spec test/unreach-call.prp -32 test/svcomp-benchmarks/goblint-regression_interrupt/goblint-regression_interrupt/svp_simple_520_001.i


--------------------------------------------------------------------------------


Running CPAchecker with Java heap of size 4096M.
Running CPAchecker with default stack size (1024k). Specify a larger value with -stack if needed.
Language C detected and set for analysis (CPAMain.detectFrontendLanguageIfNecessary, INFO)

Using the following resource limits: CPU-time limit of 300s (ResourceLimitChecker.fromConfiguration, INFO)

CPAchecker 2.0 / myAnalysis-concurrent-interrupt-benchmark-goblint-regression (Java HotSpot(TM) 64-Bit Server VM 11.0.8) started (CPAchecker.run, INFO)

Parsing CFA from file(s) "test/svcomp-benchmarks/goblint-regression_interrupt/goblint-regression_interrupt/svp_simple_520_001.i" (CPAchecker.parse, INFO)

Building Constrained Dependency Graph ... (EdgeInfo.<init>, INFO)

Using unsound approximation of ints with unbounded integers and floats with rationals for encoding program semantics. (FormulaManagerView.<init>, WARNING)

The following configuration options were specified but are not used:
 cpa.threadingintp.maxInterruptLevel
 cpa.por.pcdpor.depComputationStateType
 cpa.locations.useIncClonedFunc 
 (CPAchecker.printConfigurationWarnings, WARNING)

Starting analysis ... (CPAchecker.runAlgorithm, INFO)

========================== Verify Result ===========================
explored states: 275
reached set size: 276
total time: 233 ms
Race times:
 
[31m=========================== Conflicts checked =============================
The total number of conflicts is1
RWR conflicts have 1
WRW conflicts have 0
RWW conflicts have 0
WWR conflicts have 0
[0m=========================== 详细状态如下 =============================
 raceRWRSet:
[
glob:(glob,svp_simple_520_001_main, '783, 'R)
                               (glob,svp_simple_520_001_isr_1, '767, 'W)
                               (glob,svp_simple_520_001_main, '783, 'R)
}]
 raceWRWSet:
[]
 raceRWWSet:
[]
 raceWWRSet:
[]
=========================== Predicates =============================
====================================================================
Stopping analysis ... (CPAchecker.runAlgorithm, INFO)


BDDCPA statistics
-----------------
Number of boolean vars:           1 (of 2)
Number of intEqual vars:          0 (of 0)
Number of intAdd vars:            6 (of 6)
Number of all vars:               7
Number of intBool partitions:     2
Number of intEq partitions:       0
Number of intAdd partitions:      2
Number of all partitions:         8
Number of named predicates:          1280
Number of BDD nodes:                               27189
Size of BDD node table:                            207593
Size of BDD cache:                                 20759
Size of BDD node cleanup queue:                    0.13 (sum: 1508, count: 11549, min: 0, max: 1508)
Time for BDD node cleanup:                             0.006s
Time for BDD garbage collection:                       0.000s (in 0 runs)

DataAccessCPA statistics
------------------------
[32mtime for TransferRelation:[0m      [33m    0.023s[0m

AutomatonAnalysis (SVCOMP) statistics
-------------------------------------
Number of states:                                  1
Total time for successor computation:                  0.022s
Automaton transfers with branching:                0
Automaton transfer successors:                     1.00 (sum: 271, count: 271, min: 1, max: 1) [1 x 271]
Number of states with assumption transitions:      0

Constrained Dependency Graph statistics
---------------------------------------
Time for building the nodes of conditional dependence graph:     0.054s
Time for building conditional dependence graph:        0.162s
  Number of dependent node:                               5 (count: 1, min: 5, max: 5, avg: 5.00)
  Number of dependent node pairs:                        12
  Number of un-conditional dependent node pairs:         12
  Number of block:                                        5
  Size of block:                                          5 (sum: 5, min: 1, max: 1, avg: 1.00)

CPA algorithm statistics
------------------------
Number of iterations:            276
Max size of waitlist:            4
Average size of waitlist:        1
ThreadingSortedWaitlist:                           76.00 (sum: 76, count: 1, min: 76, max: 76)
CallstackSortedWaitlist:                           0.38 (sum: 76, count: 200, min: 0, max: 49)
Number of computed successors:   275
Max successors for one state:    2
Number of times merged:          0
Number of times stopped:         0
Number of times breaked:         0

Total time for CPA algorithm:         0.233s (Max:     0.233s)
  Time for choose from waitlist:      0.005s
  Time for precision adjustment:      0.008s
  Time for transfer relation:         0.187s
  Time for stop operator:             0.006s
  Time for adding to reached set:     0.020s

CPAchecker general statistics
-----------------------------
Number of program locations:                       210
Number of CFA edges (per node):                         211 (count: 210, min: 0, max: 2, avg: 1.00)
Number of relevant variables:                      1
Number of functions:                               2
Number of loops (and loop nodes):                         0 (sum: 0, min: 0, max: 0, avg: 0.00)
Size of reached set:             276
  Number of partitions:          215
    Avg size of partitions:      1
    Max size of partitions:      7 (with key [{svp_simple_520_001_main=N18 (before line 784) Function svp_simple_520_001_main called from node N7, stack depth 1 [32dcfeea], stack [svp_simple_520_001_main] @@ -2147483648 @@ 0}])
  Number of target states:       0

Time for analysis setup:          1.703s
  Time for loading CPAs:          0.359s
  Time for loading parser:        0.238s
  Time for CFA construction:      0.797s
    Time for parsing file(s):     0.419s
    Time for AST to CFA:          0.234s
    Time for CFA sanity check:    0.001s
    Time for post-processing:     0.099s
      Time for function pointers resolving:            0.004s
        Function calls via function pointers:             0 (count: 1, min: 0, max: 0, avg: 0.00)
        Instrumented function pointer calls:              0 (count: 1, min: 0, max: 0, avg: 0.00)
        Function calls with function pointer arguments:        0 (count: 1, min: 0, max: 0, avg: 0.00)
        Instrumented function pointer arguments:          0 (count: 1, min: 0, max: 0, avg: 0.00)
      Time for classifying variables:                  0.042s
        Time for collecting variables:                 0.012s
        Time for solving dependencies:                 0.000s
        Time for building hierarchy:                   0.000s
        Time for building classification:              0.029s
        Time for exporting data:                       0.000s
Time for Analysis:                0.258s
CPU time for analysis:            0.260s
Time for analyzing result:        0.002s
Total time for CPAchecker:        1.961s
Total CPU time for CPAchecker:    1.970s
Time for statistics:              0.082s

Time for Garbage Collector:       0.049s (in 7 runs)
Garbage Collector(s) used:    Copy, MarkSweepCompact

Verification result: TRUE. No property violation found by chosen configuration.
More details about the verification run can be found in the directory "./output".
